m:\users\user\source\repos\stdlivcompiling2012\bullet-2.8.2\linearmath\linearmath.dir\relwithdebinfo\btvector3.obj
m:\users\user\source\repos\stdlivcompiling2012\bullet-2.8.2\linearmath\linearmath.dir\relwithdebinfo\btserializer.obj
m:\users\user\source\repos\stdlivcompiling2012\bullet-2.8.2\linearmath\linearmath.dir\relwithdebinfo\btquickprof.obj
m:\users\user\source\repos\stdlivcompiling2012\bullet-2.8.2\linearmath\linearmath.dir\relwithdebinfo\btpolardecomposition.obj
m:\users\user\source\repos\stdlivcompiling2012\bullet-2.8.2\linearmath\linearmath.dir\relwithdebinfo\btgeometryutil.obj
m:\users\user\source\repos\stdlivcompiling2012\bullet-2.8.2\linearmath\linearmath.dir\relwithdebinfo\btconvexhullcomputer.obj
m:\users\user\source\repos\stdlivcompiling2012\bullet-2.8.2\linearmath\linearmath.dir\relwithdebinfo\btconvexhull.obj
m:\users\user\source\repos\stdlivcompiling2012\bullet-2.8.2\linearmath\linearmath.dir\relwithdebinfo\btalignedallocator.obj
m:\users\user\source\repos\stdlivcompiling2012\bullet-2.8.2\linearmath\linearmath.dir\relwithdebinfo\vc110.pdb
c:\bullet\bullet3-2.82\build10\src\linearmath\cmakefiles\generate.stamp
m:\users\user\source\repos\stdlivcompiling2012\bullet_release\linearmath282.lib
m:\users\user\source\repos\stdlivcompiling2012\bullet-2.8.2\linearmath\linearmath.dir\relwithdebinfo\linearmath.pdb
m:\users\user\source\repos\stdlivcompiling2012\bullet-2.8.2\linearmath\linearmath.dir\relwithdebinfo\cl.command.1.tlog
m:\users\user\source\repos\stdlivcompiling2012\bullet-2.8.2\linearmath\linearmath.dir\relwithdebinfo\cl.read.1.tlog
m:\users\user\source\repos\stdlivcompiling2012\bullet-2.8.2\linearmath\linearmath.dir\relwithdebinfo\cl.write.1.tlog
m:\users\user\source\repos\stdlivcompiling2012\bullet-2.8.2\linearmath\linearmath.dir\relwithdebinfo\custombuild.command.1.tlog
m:\users\user\source\repos\stdlivcompiling2012\bullet-2.8.2\linearmath\linearmath.dir\relwithdebinfo\custombuild.read.1.tlog
m:\users\user\source\repos\stdlivcompiling2012\bullet-2.8.2\linearmath\linearmath.dir\relwithdebinfo\custombuild.write.1.tlog
m:\users\user\source\repos\stdlivcompiling2012\bullet-2.8.2\linearmath\linearmath.dir\relwithdebinfo\lib-link.read.1.tlog
m:\users\user\source\repos\stdlivcompiling2012\bullet-2.8.2\linearmath\linearmath.dir\relwithdebinfo\lib-link.write.1.tlog
m:\users\user\source\repos\stdlivcompiling2012\bullet-2.8.2\linearmath\linearmath.dir\relwithdebinfo\lib.command.1.tlog
m:\users\user\source\repos\stdlivcompiling2012\bullet-2.8.2\linearmath\..\..\bullet_release\linearmath282.lib
m:\users\user\source\repos\stdlivcompiling2012\bullet-2.8.2\linearmath\linearmath.dir\relwithdebinfo\linearmath.tlog\cl.command.1.tlog
m:\users\user\source\repos\stdlivcompiling2012\bullet-2.8.2\linearmath\linearmath.dir\relwithdebinfo\linearmath.tlog\cl.read.1.tlog
m:\users\user\source\repos\stdlivcompiling2012\bullet-2.8.2\linearmath\linearmath.dir\relwithdebinfo\linearmath.tlog\cl.write.1.tlog
m:\users\user\source\repos\stdlivcompiling2012\bullet-2.8.2\linearmath\linearmath.dir\relwithdebinfo\linearmath.tlog\clang-cl.command.1.tlog
m:\users\user\source\repos\stdlivcompiling2012\bullet-2.8.2\linearmath\linearmath.dir\relwithdebinfo\linearmath.tlog\custombuild.command.1.tlog
m:\users\user\source\repos\stdlivcompiling2012\bullet-2.8.2\linearmath\linearmath.dir\relwithdebinfo\linearmath.tlog\custombuild.read.1.tlog
m:\users\user\source\repos\stdlivcompiling2012\bullet-2.8.2\linearmath\linearmath.dir\relwithdebinfo\linearmath.tlog\custombuild.write.1.tlog
m:\users\user\source\repos\stdlivcompiling2012\bullet-2.8.2\linearmath\linearmath.dir\relwithdebinfo\linearmath.tlog\icl-mcpcom.read.1.tlog
m:\users\user\source\repos\stdlivcompiling2012\bullet-2.8.2\linearmath\linearmath.dir\relwithdebinfo\linearmath.tlog\icl-mcpcom.write.1.tlog
m:\users\user\source\repos\stdlivcompiling2012\bullet-2.8.2\linearmath\linearmath.dir\relwithdebinfo\linearmath.tlog\icl.command.1.tlog
m:\users\user\source\repos\stdlivcompiling2012\bullet-2.8.2\linearmath\linearmath.dir\relwithdebinfo\linearmath.tlog\icl.read.1.tlog
m:\users\user\source\repos\stdlivcompiling2012\bullet-2.8.2\linearmath\linearmath.dir\relwithdebinfo\linearmath.tlog\icl.write.1.tlog
m:\users\user\source\repos\stdlivcompiling2012\bullet-2.8.2\linearmath\linearmath.dir\relwithdebinfo\linearmath.tlog\lib-link.read.1.tlog
m:\users\user\source\repos\stdlivcompiling2012\bullet-2.8.2\linearmath\linearmath.dir\relwithdebinfo\linearmath.tlog\lib-link.write.1.tlog
m:\users\user\source\repos\stdlivcompiling2012\bullet-2.8.2\linearmath\linearmath.dir\relwithdebinfo\linearmath.tlog\lib.command.1.tlog
m:\users\user\source\repos\stdlivcompiling2012\bullet-2.8.2\linearmath\linearmath.dir\relwithdebinfo\linearmath.tlog\xilib-xilink-lib-link.read.1.tlog
m:\users\user\source\repos\stdlivcompiling2012\bullet-2.8.2\linearmath\linearmath.dir\relwithdebinfo\linearmath.tlog\xilib-xilink-lib-link.write.1.tlog
m:\users\user\source\repos\stdlivcompiling2012\bullet-2.8.2\linearmath\linearmath.dir\relwithdebinfo\linearmath.tlog\xilib-xilink.read.1.tlog
m:\users\user\source\repos\stdlivcompiling2012\bullet-2.8.2\linearmath\linearmath.dir\relwithdebinfo\linearmath.tlog\xilib-xilink.write.1.tlog
m:\users\user\source\repos\stdlivcompiling2012\bullet-2.8.2\linearmath\linearmath.dir\relwithdebinfo\linearmath.tlog\xilib.command.1.tlog
