M:\USERS\USER\SOURCE\REPOS\STDLIVCOMPILING2012\BULLET-2.7.5\LINEARMATH\LINEARMATH.DIR\RELWITHDEBINFO\BTQUICKPROF.OBJ
M:\USERS\USER\SOURCE\REPOS\STDLIVCOMPILING2012\BULLET-2.7.5\LINEARMATH\LINEARMATH.DIR\RELWITHDEBINFO\BTGEOMETRYUTIL.OBJ
M:\USERS\USER\SOURCE\REPOS\STDLIVCOMPILING2012\BULLET-2.7.5\LINEARMATH\LINEARMATH.DIR\RELWITHDEBINFO\BTCONVEXHULL.OBJ
M:\USERS\USER\SOURCE\REPOS\STDLIVCOMPILING2012\BULLET-2.7.5\LINEARMATH\LINEARMATH.DIR\RELWITHDEBINFO\BTALIGNEDALLOCATOR.OBJ
M:\USERS\USER\SOURCE\REPOS\STDLIVCOMPILING2012\BULLET-2.7.5\LINEARMATH\LINEARMATH.DIR\RELWITHDEBINFO\VC110.PDB
C:\BULLET\BULLET-2.75\BUILD10\SRC\LINEARMATH\CMAKEFILES\GENERATE.STAMP
M:\USERS\USER\SOURCE\REPOS\STDLIVCOMPILING2012\BULLET_RELEASE\LINEARMATH275.LIB
M:\Users\user\source\repos\StdLivCompiling2012\bullet-2.7.5\LinearMath\LinearMath.dir\RelWithDebInfo\btAlignedAllocator.obj
M:\Users\user\source\repos\StdLivCompiling2012\bullet-2.7.5\LinearMath\LinearMath.dir\RelWithDebInfo\btConvexHull.obj
M:\Users\user\source\repos\StdLivCompiling2012\bullet-2.7.5\LinearMath\LinearMath.dir\RelWithDebInfo\btGeometryUtil.obj
M:\Users\user\source\repos\StdLivCompiling2012\bullet-2.7.5\LinearMath\LinearMath.dir\RelWithDebInfo\btQuickprof.obj
M:\Users\user\source\repos\StdLivCompiling2012\bullet-2.7.5\LinearMath\LinearMath.dir\RelWithDebInfo\cl.command.1.tlog
M:\Users\user\source\repos\StdLivCompiling2012\bullet-2.7.5\LinearMath\LinearMath.dir\RelWithDebInfo\CL.read.1.tlog
M:\Users\user\source\repos\StdLivCompiling2012\bullet-2.7.5\LinearMath\LinearMath.dir\RelWithDebInfo\CL.write.1.tlog
M:\Users\user\source\repos\StdLivCompiling2012\bullet-2.7.5\LinearMath\LinearMath.dir\RelWithDebInfo\custombuild.command.1.tlog
M:\Users\user\source\repos\StdLivCompiling2012\bullet-2.7.5\LinearMath\LinearMath.dir\RelWithDebInfo\custombuild.read.1.tlog
M:\Users\user\source\repos\StdLivCompiling2012\bullet-2.7.5\LinearMath\LinearMath.dir\RelWithDebInfo\custombuild.write.1.tlog
M:\Users\user\source\repos\StdLivCompiling2012\bullet-2.7.5\LinearMath\LinearMath.dir\RelWithDebInfo\Lib-link.read.1.tlog
M:\Users\user\source\repos\StdLivCompiling2012\bullet-2.7.5\LinearMath\LinearMath.dir\RelWithDebInfo\Lib-link.write.1.tlog
M:\Users\user\source\repos\StdLivCompiling2012\bullet-2.7.5\LinearMath\LinearMath.dir\RelWithDebInfo\lib.command.1.tlog
M:\Users\user\source\repos\StdLivCompiling2012\bullet-2.7.5\LinearMath\LinearMath.dir\RelWithDebInfo\vc110.pdb
M:\Users\user\source\repos\StdLivCompiling2012\bullet-2.7.5\LinearMath\..\..\bullet_release\LinearMath275.lib
