c:\bullet\bullet3-2.82\build10\src\bulletcollision\cmakefiles\generate.stamp
m:\users\user\source\repos\stdlivcompiling2012\bullet-2.8.2\bulletcollision\bulletcollision.dir\relwithdebinfo\btaxissweep3.obj
m:\users\user\source\repos\stdlivcompiling2012\bullet-2.8.2\bulletcollision\bulletcollision.dir\relwithdebinfo\btbroadphaseproxy.obj
m:\users\user\source\repos\stdlivcompiling2012\bullet-2.8.2\bulletcollision\bulletcollision.dir\relwithdebinfo\btcollisionalgorithm.obj
m:\users\user\source\repos\stdlivcompiling2012\bullet-2.8.2\bulletcollision\bulletcollision.dir\relwithdebinfo\btdbvt.obj
m:\users\user\source\repos\stdlivcompiling2012\bullet-2.8.2\bulletcollision\bulletcollision.dir\relwithdebinfo\btdbvtbroadphase.obj
m:\users\user\source\repos\stdlivcompiling2012\bullet-2.8.2\bulletcollision\bulletcollision.dir\relwithdebinfo\btdispatcher.obj
m:\users\user\source\repos\stdlivcompiling2012\bullet-2.8.2\bulletcollision\bulletcollision.dir\relwithdebinfo\btmultisapbroadphase.obj
m:\users\user\source\repos\stdlivcompiling2012\bullet-2.8.2\bulletcollision\bulletcollision.dir\relwithdebinfo\btoverlappingpaircache.obj
m:\users\user\source\repos\stdlivcompiling2012\bullet-2.8.2\bulletcollision\bulletcollision.dir\relwithdebinfo\btquantizedbvh.obj
m:\users\user\source\repos\stdlivcompiling2012\bullet-2.8.2\bulletcollision\bulletcollision.dir\relwithdebinfo\btsimplebroadphase.obj
m:\users\user\source\repos\stdlivcompiling2012\bullet-2.8.2\bulletcollision\bulletcollision.dir\relwithdebinfo\btactivatingcollisionalgorithm.obj
m:\users\user\source\repos\stdlivcompiling2012\bullet-2.8.2\bulletcollision\bulletcollision.dir\relwithdebinfo\btboxboxcollisionalgorithm.obj
m:\users\user\source\repos\stdlivcompiling2012\bullet-2.8.2\bulletcollision\bulletcollision.dir\relwithdebinfo\btbox2dbox2dcollisionalgorithm.obj
m:\users\user\source\repos\stdlivcompiling2012\bullet-2.8.2\bulletcollision\bulletcollision.dir\relwithdebinfo\btboxboxdetector.obj
m:\users\user\source\repos\stdlivcompiling2012\bullet-2.8.2\bulletcollision\bulletcollision.dir\relwithdebinfo\btcollisiondispatcher.obj
m:\users\user\source\repos\stdlivcompiling2012\bullet-2.8.2\bulletcollision\bulletcollision.dir\relwithdebinfo\btcollisionobject.obj
m:\users\user\source\repos\stdlivcompiling2012\bullet-2.8.2\bulletcollision\bulletcollision.dir\relwithdebinfo\btcollisionworld.obj
m:\users\user\source\repos\stdlivcompiling2012\bullet-2.8.2\bulletcollision\bulletcollision.dir\relwithdebinfo\btcompoundcollisionalgorithm.obj
m:\users\user\source\repos\stdlivcompiling2012\bullet-2.8.2\bulletcollision\bulletcollision.dir\relwithdebinfo\btcompoundcompoundcollisionalgorithm.obj
m:\users\user\source\repos\stdlivcompiling2012\bullet-2.8.2\bulletcollision\bulletcollision.dir\relwithdebinfo\btconvexconcavecollisionalgorithm.obj
m:\users\user\source\repos\stdlivcompiling2012\bullet-2.8.2\bulletcollision\bulletcollision.dir\relwithdebinfo\btconvexconvexalgorithm.obj
m:\users\user\source\repos\stdlivcompiling2012\bullet-2.8.2\bulletcollision\bulletcollision.dir\relwithdebinfo\btconvexplanecollisionalgorithm.obj
m:\users\user\source\repos\stdlivcompiling2012\bullet-2.8.2\bulletcollision\bulletcollision.dir\relwithdebinfo\btconvex2dconvex2dalgorithm.obj
m:\users\user\source\repos\stdlivcompiling2012\bullet-2.8.2\bulletcollision\bulletcollision.dir\relwithdebinfo\btdefaultcollisionconfiguration.obj
m:\users\user\source\repos\stdlivcompiling2012\bullet-2.8.2\bulletcollision\bulletcollision.dir\relwithdebinfo\btemptycollisionalgorithm.obj
m:\users\user\source\repos\stdlivcompiling2012\bullet-2.8.2\bulletcollision\bulletcollision.dir\relwithdebinfo\btghostobject.obj
m:\users\user\source\repos\stdlivcompiling2012\bullet-2.8.2\bulletcollision\bulletcollision.dir\relwithdebinfo\bthashedsimplepaircache.obj
m:\users\user\source\repos\stdlivcompiling2012\bullet-2.8.2\bulletcollision\bulletcollision.dir\relwithdebinfo\btinternaledgeutility.obj
m:\users\user\source\repos\stdlivcompiling2012\bullet-2.8.2\bulletcollision\bulletcollision.dir\relwithdebinfo\btmanifoldresult.obj
m:\users\user\source\repos\stdlivcompiling2012\bullet-2.8.2\bulletcollision\bulletcollision.dir\relwithdebinfo\btsimulationislandmanager.obj
m:\users\user\source\repos\stdlivcompiling2012\bullet-2.8.2\bulletcollision\bulletcollision.dir\relwithdebinfo\btsphereboxcollisionalgorithm.obj
m:\users\user\source\repos\stdlivcompiling2012\bullet-2.8.2\bulletcollision\bulletcollision.dir\relwithdebinfo\btspherespherecollisionalgorithm.obj
m:\users\user\source\repos\stdlivcompiling2012\bullet-2.8.2\bulletcollision\bulletcollision.dir\relwithdebinfo\btspheretrianglecollisionalgorithm.obj
m:\users\user\source\repos\stdlivcompiling2012\bullet-2.8.2\bulletcollision\bulletcollision.dir\relwithdebinfo\btunionfind.obj
m:\users\user\source\repos\stdlivcompiling2012\bullet-2.8.2\bulletcollision\bulletcollision.dir\relwithdebinfo\spheretriangledetector.obj
m:\users\user\source\repos\stdlivcompiling2012\bullet-2.8.2\bulletcollision\bulletcollision.dir\relwithdebinfo\btboxshape.obj
m:\users\user\source\repos\stdlivcompiling2012\bullet-2.8.2\bulletcollision\bulletcollision.dir\relwithdebinfo\btbox2dshape.obj
m:\users\user\source\repos\stdlivcompiling2012\bullet-2.8.2\bulletcollision\bulletcollision.dir\relwithdebinfo\btbvhtrianglemeshshape.obj
m:\users\user\source\repos\stdlivcompiling2012\bullet-2.8.2\bulletcollision\bulletcollision.dir\relwithdebinfo\btcapsuleshape.obj
m:\users\user\source\repos\stdlivcompiling2012\bullet-2.8.2\bulletcollision\bulletcollision.dir\relwithdebinfo\btcollisionshape.obj
m:\users\user\source\repos\stdlivcompiling2012\bullet-2.8.2\bulletcollision\bulletcollision.dir\relwithdebinfo\btcompoundshape.obj
m:\users\user\source\repos\stdlivcompiling2012\bullet-2.8.2\bulletcollision\bulletcollision.dir\relwithdebinfo\btconcaveshape.obj
m:\users\user\source\repos\stdlivcompiling2012\bullet-2.8.2\bulletcollision\bulletcollision.dir\relwithdebinfo\btconeshape.obj
m:\users\user\source\repos\stdlivcompiling2012\bullet-2.8.2\bulletcollision\bulletcollision.dir\relwithdebinfo\btconvexhullshape.obj
m:\users\user\source\repos\stdlivcompiling2012\bullet-2.8.2\bulletcollision\bulletcollision.dir\relwithdebinfo\btconvexinternalshape.obj
m:\users\user\source\repos\stdlivcompiling2012\bullet-2.8.2\bulletcollision\bulletcollision.dir\relwithdebinfo\btconvexpointcloudshape.obj
m:\users\user\source\repos\stdlivcompiling2012\bullet-2.8.2\bulletcollision\bulletcollision.dir\relwithdebinfo\btconvexpolyhedron.obj
m:\users\user\source\repos\stdlivcompiling2012\bullet-2.8.2\bulletcollision\bulletcollision.dir\relwithdebinfo\btconvexshape.obj
m:\users\user\source\repos\stdlivcompiling2012\bullet-2.8.2\bulletcollision\bulletcollision.dir\relwithdebinfo\btconvex2dshape.obj
m:\users\user\source\repos\stdlivcompiling2012\bullet-2.8.2\bulletcollision\bulletcollision.dir\relwithdebinfo\btconvextrianglemeshshape.obj
m:\users\user\source\repos\stdlivcompiling2012\bullet-2.8.2\bulletcollision\bulletcollision.dir\relwithdebinfo\btcylindershape.obj
m:\users\user\source\repos\stdlivcompiling2012\bullet-2.8.2\bulletcollision\bulletcollision.dir\relwithdebinfo\btemptyshape.obj
m:\users\user\source\repos\stdlivcompiling2012\bullet-2.8.2\bulletcollision\bulletcollision.dir\relwithdebinfo\btheightfieldterrainshape.obj
m:\users\user\source\repos\stdlivcompiling2012\bullet-2.8.2\bulletcollision\bulletcollision.dir\relwithdebinfo\btminkowskisumshape.obj
m:\users\user\source\repos\stdlivcompiling2012\bullet-2.8.2\bulletcollision\bulletcollision.dir\relwithdebinfo\btmultimaterialtrianglemeshshape.obj
m:\users\user\source\repos\stdlivcompiling2012\bullet-2.8.2\bulletcollision\bulletcollision.dir\relwithdebinfo\btmultisphereshape.obj
m:\users\user\source\repos\stdlivcompiling2012\bullet-2.8.2\bulletcollision\bulletcollision.dir\relwithdebinfo\btoptimizedbvh.obj
m:\users\user\source\repos\stdlivcompiling2012\bullet-2.8.2\bulletcollision\bulletcollision.dir\relwithdebinfo\btpolyhedralconvexshape.obj
m:\users\user\source\repos\stdlivcompiling2012\bullet-2.8.2\bulletcollision\bulletcollision.dir\relwithdebinfo\btscaledbvhtrianglemeshshape.obj
m:\users\user\source\repos\stdlivcompiling2012\bullet-2.8.2\bulletcollision\bulletcollision.dir\relwithdebinfo\btshapehull.obj
m:\users\user\source\repos\stdlivcompiling2012\bullet-2.8.2\bulletcollision\bulletcollision.dir\relwithdebinfo\btsphereshape.obj
m:\users\user\source\repos\stdlivcompiling2012\bullet-2.8.2\bulletcollision\bulletcollision.dir\relwithdebinfo\btstaticplaneshape.obj
m:\users\user\source\repos\stdlivcompiling2012\bullet-2.8.2\bulletcollision\bulletcollision.dir\relwithdebinfo\btstridingmeshinterface.obj
m:\users\user\source\repos\stdlivcompiling2012\bullet-2.8.2\bulletcollision\bulletcollision.dir\relwithdebinfo\bttetrahedronshape.obj
m:\users\user\source\repos\stdlivcompiling2012\bullet-2.8.2\bulletcollision\bulletcollision.dir\relwithdebinfo\bttrianglebuffer.obj
m:\users\user\source\repos\stdlivcompiling2012\bullet-2.8.2\bulletcollision\bulletcollision.dir\relwithdebinfo\bttrianglecallback.obj
m:\users\user\source\repos\stdlivcompiling2012\bullet-2.8.2\bulletcollision\bulletcollision.dir\relwithdebinfo\bttriangleindexvertexarray.obj
m:\users\user\source\repos\stdlivcompiling2012\bullet-2.8.2\bulletcollision\bulletcollision.dir\relwithdebinfo\bttriangleindexvertexmaterialarray.obj
m:\users\user\source\repos\stdlivcompiling2012\bullet-2.8.2\bulletcollision\bulletcollision.dir\relwithdebinfo\bttrianglemesh.obj
m:\users\user\source\repos\stdlivcompiling2012\bullet-2.8.2\bulletcollision\bulletcollision.dir\relwithdebinfo\bttrianglemeshshape.obj
m:\users\user\source\repos\stdlivcompiling2012\bullet-2.8.2\bulletcollision\bulletcollision.dir\relwithdebinfo\btuniformscalingshape.obj
m:\users\user\source\repos\stdlivcompiling2012\bullet-2.8.2\bulletcollision\bulletcollision.dir\relwithdebinfo\btcontactprocessing.obj
m:\users\user\source\repos\stdlivcompiling2012\bullet-2.8.2\bulletcollision\bulletcollision.dir\relwithdebinfo\btgenericpoolallocator.obj
m:\users\user\source\repos\stdlivcompiling2012\bullet-2.8.2\bulletcollision\bulletcollision.dir\relwithdebinfo\btgimpactbvh.obj
m:\users\user\source\repos\stdlivcompiling2012\bullet-2.8.2\bulletcollision\bulletcollision.dir\relwithdebinfo\btgimpactcollisionalgorithm.obj
m:\users\user\source\repos\stdlivcompiling2012\bullet-2.8.2\bulletcollision\bulletcollision.dir\relwithdebinfo\btgimpactquantizedbvh.obj
m:\users\user\source\repos\stdlivcompiling2012\bullet-2.8.2\bulletcollision\bulletcollision.dir\relwithdebinfo\btgimpactshape.obj
m:\users\user\source\repos\stdlivcompiling2012\bullet-2.8.2\bulletcollision\bulletcollision.dir\relwithdebinfo\bttriangleshapeex.obj
m:\users\user\source\repos\stdlivcompiling2012\bullet-2.8.2\bulletcollision\bulletcollision.dir\relwithdebinfo\gim_box_set.obj
m:\users\user\source\repos\stdlivcompiling2012\bullet-2.8.2\bulletcollision\bulletcollision.dir\relwithdebinfo\gim_contact.obj
m:\users\user\source\repos\stdlivcompiling2012\bullet-2.8.2\bulletcollision\bulletcollision.dir\relwithdebinfo\gim_memory.obj
m:\users\user\source\repos\stdlivcompiling2012\bullet-2.8.2\bulletcollision\bulletcollision.dir\relwithdebinfo\gim_tri_collision.obj
m:\users\user\source\repos\stdlivcompiling2012\bullet-2.8.2\bulletcollision\bulletcollision.dir\relwithdebinfo\btcontinuousconvexcollision.obj
m:\users\user\source\repos\stdlivcompiling2012\bullet-2.8.2\bulletcollision\bulletcollision.dir\relwithdebinfo\btconvexcast.obj
m:\users\user\source\repos\stdlivcompiling2012\bullet-2.8.2\bulletcollision\bulletcollision.dir\relwithdebinfo\btgjkconvexcast.obj
m:\users\user\source\repos\stdlivcompiling2012\bullet-2.8.2\bulletcollision\bulletcollision.dir\relwithdebinfo\btgjkepa2.obj
m:\users\user\source\repos\stdlivcompiling2012\bullet-2.8.2\bulletcollision\bulletcollision.dir\relwithdebinfo\btgjkepapenetrationdepthsolver.obj
m:\users\user\source\repos\stdlivcompiling2012\bullet-2.8.2\bulletcollision\bulletcollision.dir\relwithdebinfo\btgjkpairdetector.obj
m:\users\user\source\repos\stdlivcompiling2012\bullet-2.8.2\bulletcollision\bulletcollision.dir\relwithdebinfo\btminkowskipenetrationdepthsolver.obj
m:\users\user\source\repos\stdlivcompiling2012\bullet-2.8.2\bulletcollision\bulletcollision.dir\relwithdebinfo\btpersistentmanifold.obj
m:\users\user\source\repos\stdlivcompiling2012\bullet-2.8.2\bulletcollision\bulletcollision.dir\relwithdebinfo\btraycastcallback.obj
m:\users\user\source\repos\stdlivcompiling2012\bullet-2.8.2\bulletcollision\bulletcollision.dir\relwithdebinfo\btsubsimplexconvexcast.obj
m:\users\user\source\repos\stdlivcompiling2012\bullet-2.8.2\bulletcollision\bulletcollision.dir\relwithdebinfo\btvoronoisimplexsolver.obj
m:\users\user\source\repos\stdlivcompiling2012\bullet-2.8.2\bulletcollision\bulletcollision.dir\relwithdebinfo\btpolyhedralcontactclipping.obj
m:\users\user\source\repos\stdlivcompiling2012\bullet-2.8.2\bulletcollision\bulletcollision.dir\relwithdebinfo\bulletcollision.pdb
m:\users\user\source\repos\stdlivcompiling2012\bullet_release\bulletcollision282.lib
m:\users\user\source\repos\stdlivcompiling2012\bullet-2.8.2\bulletcollision\..\..\bullet_release\bulletcollision282.lib
m:\users\user\source\repos\stdlivcompiling2012\bullet-2.8.2\bulletcollision\bulletcollision.dir\relwithdebinfo\bulletcollision.tlog\clang-cl.command.1.tlog
m:\users\user\source\repos\stdlivcompiling2012\bullet-2.8.2\bulletcollision\bulletcollision.dir\relwithdebinfo\bulletcollision.tlog\custombuild.command.1.tlog
m:\users\user\source\repos\stdlivcompiling2012\bullet-2.8.2\bulletcollision\bulletcollision.dir\relwithdebinfo\bulletcollision.tlog\custombuild.read.1.tlog
m:\users\user\source\repos\stdlivcompiling2012\bullet-2.8.2\bulletcollision\bulletcollision.dir\relwithdebinfo\bulletcollision.tlog\custombuild.write.1.tlog
m:\users\user\source\repos\stdlivcompiling2012\bullet-2.8.2\bulletcollision\bulletcollision.dir\relwithdebinfo\bulletcollision.tlog\icl-mcpcom.read.1.tlog
m:\users\user\source\repos\stdlivcompiling2012\bullet-2.8.2\bulletcollision\bulletcollision.dir\relwithdebinfo\bulletcollision.tlog\icl-mcpcom.write.1.tlog
m:\users\user\source\repos\stdlivcompiling2012\bullet-2.8.2\bulletcollision\bulletcollision.dir\relwithdebinfo\bulletcollision.tlog\icl.command.1.tlog
m:\users\user\source\repos\stdlivcompiling2012\bullet-2.8.2\bulletcollision\bulletcollision.dir\relwithdebinfo\bulletcollision.tlog\icl.read.1.tlog
m:\users\user\source\repos\stdlivcompiling2012\bullet-2.8.2\bulletcollision\bulletcollision.dir\relwithdebinfo\bulletcollision.tlog\icl.write.1.tlog
m:\users\user\source\repos\stdlivcompiling2012\bullet-2.8.2\bulletcollision\bulletcollision.dir\relwithdebinfo\bulletcollision.tlog\xilib-xilink-lib-link.read.1.tlog
m:\users\user\source\repos\stdlivcompiling2012\bullet-2.8.2\bulletcollision\bulletcollision.dir\relwithdebinfo\bulletcollision.tlog\xilib-xilink-lib-link.write.1.tlog
m:\users\user\source\repos\stdlivcompiling2012\bullet-2.8.2\bulletcollision\bulletcollision.dir\relwithdebinfo\bulletcollision.tlog\xilib-xilink.read.1.tlog
m:\users\user\source\repos\stdlivcompiling2012\bullet-2.8.2\bulletcollision\bulletcollision.dir\relwithdebinfo\bulletcollision.tlog\xilib-xilink.write.1.tlog
m:\users\user\source\repos\stdlivcompiling2012\bullet-2.8.2\bulletcollision\bulletcollision.dir\relwithdebinfo\bulletcollision.tlog\xilib.command.1.tlog
