M:\USERS\USER\SOURCE\REPOS\STDLIVCOMPILING2012\BULLET-2.8.6\BULLETCOLLISION\BULLETCOLLISION.DIR\RELWITHDEBINFO\BTCONVEXCONCAVECOLLISIONALGORITHM.OBJ
M:\USERS\USER\SOURCE\REPOS\STDLIVCOMPILING2012\BULLET-2.8.6\BULLETCOLLISION\BULLETCOLLISION.DIR\RELWITHDEBINFO\BTCOMPOUNDCOMPOUNDCOLLISIONALGORITHM.OBJ
M:\USERS\USER\SOURCE\REPOS\STDLIVCOMPILING2012\BULLET-2.8.6\BULLETCOLLISION\BULLETCOLLISION.DIR\RELWITHDEBINFO\BTCOMPOUNDCOLLISIONALGORITHM.OBJ
M:\USERS\USER\SOURCE\REPOS\STDLIVCOMPILING2012\BULLET-2.8.6\BULLETCOLLISION\BULLETCOLLISION.DIR\RELWITHDEBINFO\BTCOLLISIONWORLDIMPORTER.OBJ
M:\USERS\USER\SOURCE\REPOS\STDLIVCOMPILING2012\BULLET-2.8.6\BULLETCOLLISION\BULLETCOLLISION.DIR\RELWITHDEBINFO\BTCOLLISIONWORLD.OBJ
M:\USERS\USER\SOURCE\REPOS\STDLIVCOMPILING2012\BULLET-2.8.6\BULLETCOLLISION\BULLETCOLLISION.DIR\RELWITHDEBINFO\BTCOLLISIONOBJECT.OBJ
M:\USERS\USER\SOURCE\REPOS\STDLIVCOMPILING2012\BULLET-2.8.6\BULLETCOLLISION\BULLETCOLLISION.DIR\RELWITHDEBINFO\BTCOLLISIONDISPATCHER.OBJ
M:\USERS\USER\SOURCE\REPOS\STDLIVCOMPILING2012\BULLET-2.8.6\BULLETCOLLISION\BULLETCOLLISION.DIR\RELWITHDEBINFO\BTBOXBOXDETECTOR.OBJ
M:\USERS\USER\SOURCE\REPOS\STDLIVCOMPILING2012\BULLET-2.8.6\BULLETCOLLISION\BULLETCOLLISION.DIR\RELWITHDEBINFO\BTBOX2DBOX2DCOLLISIONALGORITHM.OBJ
M:\USERS\USER\SOURCE\REPOS\STDLIVCOMPILING2012\BULLET-2.8.6\BULLETCOLLISION\BULLETCOLLISION.DIR\RELWITHDEBINFO\BTBOXBOXCOLLISIONALGORITHM.OBJ
M:\USERS\USER\SOURCE\REPOS\STDLIVCOMPILING2012\BULLET-2.8.6\BULLETCOLLISION\BULLETCOLLISION.DIR\RELWITHDEBINFO\BTACTIVATINGCOLLISIONALGORITHM.OBJ
M:\USERS\USER\SOURCE\REPOS\STDLIVCOMPILING2012\BULLET-2.8.6\BULLETCOLLISION\BULLETCOLLISION.DIR\RELWITHDEBINFO\BTSIMPLEBROADPHASE.OBJ
M:\USERS\USER\SOURCE\REPOS\STDLIVCOMPILING2012\BULLET-2.8.6\BULLETCOLLISION\BULLETCOLLISION.DIR\RELWITHDEBINFO\BTQUANTIZEDBVH.OBJ
M:\USERS\USER\SOURCE\REPOS\STDLIVCOMPILING2012\BULLET-2.8.6\BULLETCOLLISION\BULLETCOLLISION.DIR\RELWITHDEBINFO\BTOVERLAPPINGPAIRCACHE.OBJ
M:\USERS\USER\SOURCE\REPOS\STDLIVCOMPILING2012\BULLET-2.8.6\BULLETCOLLISION\BULLETCOLLISION.DIR\RELWITHDEBINFO\BTDISPATCHER.OBJ
M:\USERS\USER\SOURCE\REPOS\STDLIVCOMPILING2012\BULLET-2.8.6\BULLETCOLLISION\BULLETCOLLISION.DIR\RELWITHDEBINFO\BTDBVTBROADPHASE.OBJ
M:\USERS\USER\SOURCE\REPOS\STDLIVCOMPILING2012\BULLET-2.8.6\BULLETCOLLISION\BULLETCOLLISION.DIR\RELWITHDEBINFO\BTDBVT.OBJ
M:\USERS\USER\SOURCE\REPOS\STDLIVCOMPILING2012\BULLET-2.8.6\BULLETCOLLISION\BULLETCOLLISION.DIR\RELWITHDEBINFO\BTCOLLISIONALGORITHM.OBJ
M:\USERS\USER\SOURCE\REPOS\STDLIVCOMPILING2012\BULLET-2.8.6\BULLETCOLLISION\BULLETCOLLISION.DIR\RELWITHDEBINFO\BTBROADPHASEPROXY.OBJ
M:\USERS\USER\SOURCE\REPOS\STDLIVCOMPILING2012\BULLET-2.8.6\BULLETCOLLISION\BULLETCOLLISION.DIR\RELWITHDEBINFO\BTAXISSWEEP3.OBJ
M:\USERS\USER\SOURCE\REPOS\STDLIVCOMPILING2012\BULLET-2.8.6\BULLETCOLLISION\BULLETCOLLISION.DIR\RELWITHDEBINFO\BTCOLLISIONSHAPE.OBJ
M:\USERS\USER\SOURCE\REPOS\STDLIVCOMPILING2012\BULLET-2.8.6\BULLETCOLLISION\BULLETCOLLISION.DIR\RELWITHDEBINFO\BTCAPSULESHAPE.OBJ
M:\USERS\USER\SOURCE\REPOS\STDLIVCOMPILING2012\BULLET-2.8.6\BULLETCOLLISION\BULLETCOLLISION.DIR\RELWITHDEBINFO\BTBVHTRIANGLEMESHSHAPE.OBJ
M:\USERS\USER\SOURCE\REPOS\STDLIVCOMPILING2012\BULLET-2.8.6\BULLETCOLLISION\BULLETCOLLISION.DIR\RELWITHDEBINFO\BTBOX2DSHAPE.OBJ
M:\USERS\USER\SOURCE\REPOS\STDLIVCOMPILING2012\BULLET-2.8.6\BULLETCOLLISION\BULLETCOLLISION.DIR\RELWITHDEBINFO\BTBOXSHAPE.OBJ
M:\USERS\USER\SOURCE\REPOS\STDLIVCOMPILING2012\BULLET-2.8.6\BULLETCOLLISION\BULLETCOLLISION.DIR\RELWITHDEBINFO\SPHERETRIANGLEDETECTOR.OBJ
M:\USERS\USER\SOURCE\REPOS\STDLIVCOMPILING2012\BULLET-2.8.6\BULLETCOLLISION\BULLETCOLLISION.DIR\RELWITHDEBINFO\BTUNIONFIND.OBJ
M:\USERS\USER\SOURCE\REPOS\STDLIVCOMPILING2012\BULLET-2.8.6\BULLETCOLLISION\BULLETCOLLISION.DIR\RELWITHDEBINFO\BTSPHERETRIANGLECOLLISIONALGORITHM.OBJ
M:\USERS\USER\SOURCE\REPOS\STDLIVCOMPILING2012\BULLET-2.8.6\BULLETCOLLISION\BULLETCOLLISION.DIR\RELWITHDEBINFO\BTSPHERESPHERECOLLISIONALGORITHM.OBJ
M:\USERS\USER\SOURCE\REPOS\STDLIVCOMPILING2012\BULLET-2.8.6\BULLETCOLLISION\BULLETCOLLISION.DIR\RELWITHDEBINFO\BTSPHEREBOXCOLLISIONALGORITHM.OBJ
M:\USERS\USER\SOURCE\REPOS\STDLIVCOMPILING2012\BULLET-2.8.6\BULLETCOLLISION\BULLETCOLLISION.DIR\RELWITHDEBINFO\BTSIMULATIONISLANDMANAGER.OBJ
M:\USERS\USER\SOURCE\REPOS\STDLIVCOMPILING2012\BULLET-2.8.6\BULLETCOLLISION\BULLETCOLLISION.DIR\RELWITHDEBINFO\BTMANIFOLDRESULT.OBJ
M:\USERS\USER\SOURCE\REPOS\STDLIVCOMPILING2012\BULLET-2.8.6\BULLETCOLLISION\BULLETCOLLISION.DIR\RELWITHDEBINFO\BTINTERNALEDGEUTILITY.OBJ
M:\USERS\USER\SOURCE\REPOS\STDLIVCOMPILING2012\BULLET-2.8.6\BULLETCOLLISION\BULLETCOLLISION.DIR\RELWITHDEBINFO\BTHASHEDSIMPLEPAIRCACHE.OBJ
M:\USERS\USER\SOURCE\REPOS\STDLIVCOMPILING2012\BULLET-2.8.6\BULLETCOLLISION\BULLETCOLLISION.DIR\RELWITHDEBINFO\BTGHOSTOBJECT.OBJ
M:\USERS\USER\SOURCE\REPOS\STDLIVCOMPILING2012\BULLET-2.8.6\BULLETCOLLISION\BULLETCOLLISION.DIR\RELWITHDEBINFO\BTEMPTYCOLLISIONALGORITHM.OBJ
M:\USERS\USER\SOURCE\REPOS\STDLIVCOMPILING2012\BULLET-2.8.6\BULLETCOLLISION\BULLETCOLLISION.DIR\RELWITHDEBINFO\BTDEFAULTCOLLISIONCONFIGURATION.OBJ
M:\USERS\USER\SOURCE\REPOS\STDLIVCOMPILING2012\BULLET-2.8.6\BULLETCOLLISION\BULLETCOLLISION.DIR\RELWITHDEBINFO\BTCONVEX2DCONVEX2DALGORITHM.OBJ
M:\USERS\USER\SOURCE\REPOS\STDLIVCOMPILING2012\BULLET-2.8.6\BULLETCOLLISION\BULLETCOLLISION.DIR\RELWITHDEBINFO\BTCONVEXPLANECOLLISIONALGORITHM.OBJ
M:\USERS\USER\SOURCE\REPOS\STDLIVCOMPILING2012\BULLET-2.8.6\BULLETCOLLISION\BULLETCOLLISION.DIR\RELWITHDEBINFO\BTCONVEXCONVEXALGORITHM.OBJ
M:\USERS\USER\SOURCE\REPOS\STDLIVCOMPILING2012\BULLET-2.8.6\BULLETCOLLISION\BULLETCOLLISION.DIR\RELWITHDEBINFO\BTSHAPEHULL.OBJ
M:\USERS\USER\SOURCE\REPOS\STDLIVCOMPILING2012\BULLET-2.8.6\BULLETCOLLISION\BULLETCOLLISION.DIR\RELWITHDEBINFO\BTSCALEDBVHTRIANGLEMESHSHAPE.OBJ
M:\USERS\USER\SOURCE\REPOS\STDLIVCOMPILING2012\BULLET-2.8.6\BULLETCOLLISION\BULLETCOLLISION.DIR\RELWITHDEBINFO\BTPOLYHEDRALCONVEXSHAPE.OBJ
M:\USERS\USER\SOURCE\REPOS\STDLIVCOMPILING2012\BULLET-2.8.6\BULLETCOLLISION\BULLETCOLLISION.DIR\RELWITHDEBINFO\BTOPTIMIZEDBVH.OBJ
M:\USERS\USER\SOURCE\REPOS\STDLIVCOMPILING2012\BULLET-2.8.6\BULLETCOLLISION\BULLETCOLLISION.DIR\RELWITHDEBINFO\BTMULTISPHERESHAPE.OBJ
M:\USERS\USER\SOURCE\REPOS\STDLIVCOMPILING2012\BULLET-2.8.6\BULLETCOLLISION\BULLETCOLLISION.DIR\RELWITHDEBINFO\BTMULTIMATERIALTRIANGLEMESHSHAPE.OBJ
M:\USERS\USER\SOURCE\REPOS\STDLIVCOMPILING2012\BULLET-2.8.6\BULLETCOLLISION\BULLETCOLLISION.DIR\RELWITHDEBINFO\BTMINKOWSKISUMSHAPE.OBJ
M:\USERS\USER\SOURCE\REPOS\STDLIVCOMPILING2012\BULLET-2.8.6\BULLETCOLLISION\BULLETCOLLISION.DIR\RELWITHDEBINFO\BTHEIGHTFIELDTERRAINSHAPE.OBJ
M:\USERS\USER\SOURCE\REPOS\STDLIVCOMPILING2012\BULLET-2.8.6\BULLETCOLLISION\BULLETCOLLISION.DIR\RELWITHDEBINFO\BTEMPTYSHAPE.OBJ
M:\USERS\USER\SOURCE\REPOS\STDLIVCOMPILING2012\BULLET-2.8.6\BULLETCOLLISION\BULLETCOLLISION.DIR\RELWITHDEBINFO\BTCYLINDERSHAPE.OBJ
M:\USERS\USER\SOURCE\REPOS\STDLIVCOMPILING2012\BULLET-2.8.6\BULLETCOLLISION\BULLETCOLLISION.DIR\RELWITHDEBINFO\BTCONVEXTRIANGLEMESHSHAPE.OBJ
M:\USERS\USER\SOURCE\REPOS\STDLIVCOMPILING2012\BULLET-2.8.6\BULLETCOLLISION\BULLETCOLLISION.DIR\RELWITHDEBINFO\BTCONVEX2DSHAPE.OBJ
M:\USERS\USER\SOURCE\REPOS\STDLIVCOMPILING2012\BULLET-2.8.6\BULLETCOLLISION\BULLETCOLLISION.DIR\RELWITHDEBINFO\BTCONVEXSHAPE.OBJ
M:\USERS\USER\SOURCE\REPOS\STDLIVCOMPILING2012\BULLET-2.8.6\BULLETCOLLISION\BULLETCOLLISION.DIR\RELWITHDEBINFO\BTCONVEXPOLYHEDRON.OBJ
M:\USERS\USER\SOURCE\REPOS\STDLIVCOMPILING2012\BULLET-2.8.6\BULLETCOLLISION\BULLETCOLLISION.DIR\RELWITHDEBINFO\BTCONVEXPOINTCLOUDSHAPE.OBJ
M:\USERS\USER\SOURCE\REPOS\STDLIVCOMPILING2012\BULLET-2.8.6\BULLETCOLLISION\BULLETCOLLISION.DIR\RELWITHDEBINFO\BTCONVEXINTERNALSHAPE.OBJ
M:\USERS\USER\SOURCE\REPOS\STDLIVCOMPILING2012\BULLET-2.8.6\BULLETCOLLISION\BULLETCOLLISION.DIR\RELWITHDEBINFO\BTCONVEXHULLSHAPE.OBJ
M:\USERS\USER\SOURCE\REPOS\STDLIVCOMPILING2012\BULLET-2.8.6\BULLETCOLLISION\BULLETCOLLISION.DIR\RELWITHDEBINFO\BTCONESHAPE.OBJ
M:\USERS\USER\SOURCE\REPOS\STDLIVCOMPILING2012\BULLET-2.8.6\BULLETCOLLISION\BULLETCOLLISION.DIR\RELWITHDEBINFO\BTCONCAVESHAPE.OBJ
M:\USERS\USER\SOURCE\REPOS\STDLIVCOMPILING2012\BULLET-2.8.6\BULLETCOLLISION\BULLETCOLLISION.DIR\RELWITHDEBINFO\BTCOMPOUNDSHAPE.OBJ
M:\USERS\USER\SOURCE\REPOS\STDLIVCOMPILING2012\BULLET-2.8.6\BULLETCOLLISION\BULLETCOLLISION.DIR\RELWITHDEBINFO\GIM_CONTACT.OBJ
M:\USERS\USER\SOURCE\REPOS\STDLIVCOMPILING2012\BULLET-2.8.6\BULLETCOLLISION\BULLETCOLLISION.DIR\RELWITHDEBINFO\GIM_BOX_SET.OBJ
M:\USERS\USER\SOURCE\REPOS\STDLIVCOMPILING2012\BULLET-2.8.6\BULLETCOLLISION\BULLETCOLLISION.DIR\RELWITHDEBINFO\BTTRIANGLESHAPEEX.OBJ
M:\USERS\USER\SOURCE\REPOS\STDLIVCOMPILING2012\BULLET-2.8.6\BULLETCOLLISION\BULLETCOLLISION.DIR\RELWITHDEBINFO\BTGIMPACTSHAPE.OBJ
M:\USERS\USER\SOURCE\REPOS\STDLIVCOMPILING2012\BULLET-2.8.6\BULLETCOLLISION\BULLETCOLLISION.DIR\RELWITHDEBINFO\BTGIMPACTQUANTIZEDBVH.OBJ
M:\USERS\USER\SOURCE\REPOS\STDLIVCOMPILING2012\BULLET-2.8.6\BULLETCOLLISION\BULLETCOLLISION.DIR\RELWITHDEBINFO\BTGIMPACTCOLLISIONALGORITHM.OBJ
M:\USERS\USER\SOURCE\REPOS\STDLIVCOMPILING2012\BULLET-2.8.6\BULLETCOLLISION\BULLETCOLLISION.DIR\RELWITHDEBINFO\BTGIMPACTBVH.OBJ
M:\USERS\USER\SOURCE\REPOS\STDLIVCOMPILING2012\BULLET-2.8.6\BULLETCOLLISION\BULLETCOLLISION.DIR\RELWITHDEBINFO\BTGENERICPOOLALLOCATOR.OBJ
M:\USERS\USER\SOURCE\REPOS\STDLIVCOMPILING2012\BULLET-2.8.6\BULLETCOLLISION\BULLETCOLLISION.DIR\RELWITHDEBINFO\BTCONTACTPROCESSING.OBJ
M:\USERS\USER\SOURCE\REPOS\STDLIVCOMPILING2012\BULLET-2.8.6\BULLETCOLLISION\BULLETCOLLISION.DIR\RELWITHDEBINFO\BTUNIFORMSCALINGSHAPE.OBJ
M:\USERS\USER\SOURCE\REPOS\STDLIVCOMPILING2012\BULLET-2.8.6\BULLETCOLLISION\BULLETCOLLISION.DIR\RELWITHDEBINFO\BTTRIANGLEMESHSHAPE.OBJ
M:\USERS\USER\SOURCE\REPOS\STDLIVCOMPILING2012\BULLET-2.8.6\BULLETCOLLISION\BULLETCOLLISION.DIR\RELWITHDEBINFO\BTTRIANGLEMESH.OBJ
M:\USERS\USER\SOURCE\REPOS\STDLIVCOMPILING2012\BULLET-2.8.6\BULLETCOLLISION\BULLETCOLLISION.DIR\RELWITHDEBINFO\BTTRIANGLEINDEXVERTEXMATERIALARRAY.OBJ
M:\USERS\USER\SOURCE\REPOS\STDLIVCOMPILING2012\BULLET-2.8.6\BULLETCOLLISION\BULLETCOLLISION.DIR\RELWITHDEBINFO\BTTRIANGLEINDEXVERTEXARRAY.OBJ
M:\USERS\USER\SOURCE\REPOS\STDLIVCOMPILING2012\BULLET-2.8.6\BULLETCOLLISION\BULLETCOLLISION.DIR\RELWITHDEBINFO\BTTRIANGLECALLBACK.OBJ
M:\USERS\USER\SOURCE\REPOS\STDLIVCOMPILING2012\BULLET-2.8.6\BULLETCOLLISION\BULLETCOLLISION.DIR\RELWITHDEBINFO\BTTRIANGLEBUFFER.OBJ
M:\USERS\USER\SOURCE\REPOS\STDLIVCOMPILING2012\BULLET-2.8.6\BULLETCOLLISION\BULLETCOLLISION.DIR\RELWITHDEBINFO\BTTETRAHEDRONSHAPE.OBJ
M:\USERS\USER\SOURCE\REPOS\STDLIVCOMPILING2012\BULLET-2.8.6\BULLETCOLLISION\BULLETCOLLISION.DIR\RELWITHDEBINFO\BTSTRIDINGMESHINTERFACE.OBJ
M:\USERS\USER\SOURCE\REPOS\STDLIVCOMPILING2012\BULLET-2.8.6\BULLETCOLLISION\BULLETCOLLISION.DIR\RELWITHDEBINFO\BTSTATICPLANESHAPE.OBJ
M:\USERS\USER\SOURCE\REPOS\STDLIVCOMPILING2012\BULLET-2.8.6\BULLETCOLLISION\BULLETCOLLISION.DIR\RELWITHDEBINFO\BTSPHERESHAPE.OBJ
M:\USERS\USER\SOURCE\REPOS\STDLIVCOMPILING2012\BULLET-2.8.6\BULLETCOLLISION\BULLETCOLLISION.DIR\RELWITHDEBINFO\BTPOLYHEDRALCONTACTCLIPPING.OBJ
M:\USERS\USER\SOURCE\REPOS\STDLIVCOMPILING2012\BULLET-2.8.6\BULLETCOLLISION\BULLETCOLLISION.DIR\RELWITHDEBINFO\BTVORONOISIMPLEXSOLVER.OBJ
M:\USERS\USER\SOURCE\REPOS\STDLIVCOMPILING2012\BULLET-2.8.6\BULLETCOLLISION\BULLETCOLLISION.DIR\RELWITHDEBINFO\BTSUBSIMPLEXCONVEXCAST.OBJ
M:\USERS\USER\SOURCE\REPOS\STDLIVCOMPILING2012\BULLET-2.8.6\BULLETCOLLISION\BULLETCOLLISION.DIR\RELWITHDEBINFO\BTRAYCASTCALLBACK.OBJ
M:\USERS\USER\SOURCE\REPOS\STDLIVCOMPILING2012\BULLET-2.8.6\BULLETCOLLISION\BULLETCOLLISION.DIR\RELWITHDEBINFO\BTPERSISTENTMANIFOLD.OBJ
M:\USERS\USER\SOURCE\REPOS\STDLIVCOMPILING2012\BULLET-2.8.6\BULLETCOLLISION\BULLETCOLLISION.DIR\RELWITHDEBINFO\BTMINKOWSKIPENETRATIONDEPTHSOLVER.OBJ
M:\USERS\USER\SOURCE\REPOS\STDLIVCOMPILING2012\BULLET-2.8.6\BULLETCOLLISION\BULLETCOLLISION.DIR\RELWITHDEBINFO\BTGJKPAIRDETECTOR.OBJ
M:\USERS\USER\SOURCE\REPOS\STDLIVCOMPILING2012\BULLET-2.8.6\BULLETCOLLISION\BULLETCOLLISION.DIR\RELWITHDEBINFO\BTGJKEPAPENETRATIONDEPTHSOLVER.OBJ
M:\USERS\USER\SOURCE\REPOS\STDLIVCOMPILING2012\BULLET-2.8.6\BULLETCOLLISION\BULLETCOLLISION.DIR\RELWITHDEBINFO\BTGJKEPA2.OBJ
M:\USERS\USER\SOURCE\REPOS\STDLIVCOMPILING2012\BULLET-2.8.6\BULLETCOLLISION\BULLETCOLLISION.DIR\RELWITHDEBINFO\BTGJKCONVEXCAST.OBJ
M:\USERS\USER\SOURCE\REPOS\STDLIVCOMPILING2012\BULLET-2.8.6\BULLETCOLLISION\BULLETCOLLISION.DIR\RELWITHDEBINFO\BTCONVEXCAST.OBJ
M:\USERS\USER\SOURCE\REPOS\STDLIVCOMPILING2012\BULLET-2.8.6\BULLETCOLLISION\BULLETCOLLISION.DIR\RELWITHDEBINFO\BTCONTINUOUSCONVEXCOLLISION.OBJ
M:\USERS\USER\SOURCE\REPOS\STDLIVCOMPILING2012\BULLET-2.8.6\BULLETCOLLISION\BULLETCOLLISION.DIR\RELWITHDEBINFO\GIM_TRI_COLLISION.OBJ
M:\USERS\USER\SOURCE\REPOS\STDLIVCOMPILING2012\BULLET-2.8.6\BULLETCOLLISION\BULLETCOLLISION.DIR\RELWITHDEBINFO\GIM_MEMORY.OBJ
M:\USERS\USER\SOURCE\REPOS\STDLIVCOMPILING2012\BULLET-2.8.6\BULLETCOLLISION\BULLETCOLLISION.DIR\RELWITHDEBINFO\VC110.PDB
C:\BULLET\BULLET3-2.86.1\BUILD10\SRC\BULLETCOLLISION\CMAKEFILES\GENERATE.STAMP
M:\USERS\USER\SOURCE\REPOS\STDLIVCOMPILING2012\BULLET_RELEASE\BULLETCOLLISION286.LIB
M:\Users\user\source\repos\StdLivCompiling2012\bullet-2.8.6\BulletCollision\BulletCollision.dir\RelWithDebInfo\btActivatingCollisionAlgorithm.obj
M:\Users\user\source\repos\StdLivCompiling2012\bullet-2.8.6\BulletCollision\BulletCollision.dir\RelWithDebInfo\btAxisSweep3.obj
M:\Users\user\source\repos\StdLivCompiling2012\bullet-2.8.6\BulletCollision\BulletCollision.dir\RelWithDebInfo\btBox2dBox2dCollisionAlgorithm.obj
M:\Users\user\source\repos\StdLivCompiling2012\bullet-2.8.6\BulletCollision\BulletCollision.dir\RelWithDebInfo\btBox2dShape.obj
M:\Users\user\source\repos\StdLivCompiling2012\bullet-2.8.6\BulletCollision\BulletCollision.dir\RelWithDebInfo\btBoxBoxCollisionAlgorithm.obj
M:\Users\user\source\repos\StdLivCompiling2012\bullet-2.8.6\BulletCollision\BulletCollision.dir\RelWithDebInfo\btBoxBoxDetector.obj
M:\Users\user\source\repos\StdLivCompiling2012\bullet-2.8.6\BulletCollision\BulletCollision.dir\RelWithDebInfo\btBoxShape.obj
M:\Users\user\source\repos\StdLivCompiling2012\bullet-2.8.6\BulletCollision\BulletCollision.dir\RelWithDebInfo\btBroadphaseProxy.obj
M:\Users\user\source\repos\StdLivCompiling2012\bullet-2.8.6\BulletCollision\BulletCollision.dir\RelWithDebInfo\btBvhTriangleMeshShape.obj
M:\Users\user\source\repos\StdLivCompiling2012\bullet-2.8.6\BulletCollision\BulletCollision.dir\RelWithDebInfo\btCapsuleShape.obj
M:\Users\user\source\repos\StdLivCompiling2012\bullet-2.8.6\BulletCollision\BulletCollision.dir\RelWithDebInfo\btCollisionAlgorithm.obj
M:\Users\user\source\repos\StdLivCompiling2012\bullet-2.8.6\BulletCollision\BulletCollision.dir\RelWithDebInfo\btCollisionDispatcher.obj
M:\Users\user\source\repos\StdLivCompiling2012\bullet-2.8.6\BulletCollision\BulletCollision.dir\RelWithDebInfo\btCollisionObject.obj
M:\Users\user\source\repos\StdLivCompiling2012\bullet-2.8.6\BulletCollision\BulletCollision.dir\RelWithDebInfo\btCollisionShape.obj
M:\Users\user\source\repos\StdLivCompiling2012\bullet-2.8.6\BulletCollision\BulletCollision.dir\RelWithDebInfo\btCollisionWorld.obj
M:\Users\user\source\repos\StdLivCompiling2012\bullet-2.8.6\BulletCollision\BulletCollision.dir\RelWithDebInfo\btCollisionWorldImporter.obj
M:\Users\user\source\repos\StdLivCompiling2012\bullet-2.8.6\BulletCollision\BulletCollision.dir\RelWithDebInfo\btCompoundCollisionAlgorithm.obj
M:\Users\user\source\repos\StdLivCompiling2012\bullet-2.8.6\BulletCollision\BulletCollision.dir\RelWithDebInfo\btCompoundCompoundCollisionAlgorithm.obj
M:\Users\user\source\repos\StdLivCompiling2012\bullet-2.8.6\BulletCollision\BulletCollision.dir\RelWithDebInfo\btCompoundShape.obj
M:\Users\user\source\repos\StdLivCompiling2012\bullet-2.8.6\BulletCollision\BulletCollision.dir\RelWithDebInfo\btConcaveShape.obj
M:\Users\user\source\repos\StdLivCompiling2012\bullet-2.8.6\BulletCollision\BulletCollision.dir\RelWithDebInfo\btConeShape.obj
M:\Users\user\source\repos\StdLivCompiling2012\bullet-2.8.6\BulletCollision\BulletCollision.dir\RelWithDebInfo\btContactProcessing.obj
M:\Users\user\source\repos\StdLivCompiling2012\bullet-2.8.6\BulletCollision\BulletCollision.dir\RelWithDebInfo\btContinuousConvexCollision.obj
M:\Users\user\source\repos\StdLivCompiling2012\bullet-2.8.6\BulletCollision\BulletCollision.dir\RelWithDebInfo\btConvex2dConvex2dAlgorithm.obj
M:\Users\user\source\repos\StdLivCompiling2012\bullet-2.8.6\BulletCollision\BulletCollision.dir\RelWithDebInfo\btConvex2dShape.obj
M:\Users\user\source\repos\StdLivCompiling2012\bullet-2.8.6\BulletCollision\BulletCollision.dir\RelWithDebInfo\btConvexCast.obj
M:\Users\user\source\repos\StdLivCompiling2012\bullet-2.8.6\BulletCollision\BulletCollision.dir\RelWithDebInfo\btConvexConcaveCollisionAlgorithm.obj
M:\Users\user\source\repos\StdLivCompiling2012\bullet-2.8.6\BulletCollision\BulletCollision.dir\RelWithDebInfo\btConvexConvexAlgorithm.obj
M:\Users\user\source\repos\StdLivCompiling2012\bullet-2.8.6\BulletCollision\BulletCollision.dir\RelWithDebInfo\btConvexHullShape.obj
M:\Users\user\source\repos\StdLivCompiling2012\bullet-2.8.6\BulletCollision\BulletCollision.dir\RelWithDebInfo\btConvexInternalShape.obj
M:\Users\user\source\repos\StdLivCompiling2012\bullet-2.8.6\BulletCollision\BulletCollision.dir\RelWithDebInfo\btConvexPlaneCollisionAlgorithm.obj
M:\Users\user\source\repos\StdLivCompiling2012\bullet-2.8.6\BulletCollision\BulletCollision.dir\RelWithDebInfo\btConvexPointCloudShape.obj
M:\Users\user\source\repos\StdLivCompiling2012\bullet-2.8.6\BulletCollision\BulletCollision.dir\RelWithDebInfo\btConvexPolyhedron.obj
M:\Users\user\source\repos\StdLivCompiling2012\bullet-2.8.6\BulletCollision\BulletCollision.dir\RelWithDebInfo\btConvexShape.obj
M:\Users\user\source\repos\StdLivCompiling2012\bullet-2.8.6\BulletCollision\BulletCollision.dir\RelWithDebInfo\btConvexTriangleMeshShape.obj
M:\Users\user\source\repos\StdLivCompiling2012\bullet-2.8.6\BulletCollision\BulletCollision.dir\RelWithDebInfo\btCylinderShape.obj
M:\Users\user\source\repos\StdLivCompiling2012\bullet-2.8.6\BulletCollision\BulletCollision.dir\RelWithDebInfo\btDbvt.obj
M:\Users\user\source\repos\StdLivCompiling2012\bullet-2.8.6\BulletCollision\BulletCollision.dir\RelWithDebInfo\btDbvtBroadphase.obj
M:\Users\user\source\repos\StdLivCompiling2012\bullet-2.8.6\BulletCollision\BulletCollision.dir\RelWithDebInfo\btDefaultCollisionConfiguration.obj
M:\Users\user\source\repos\StdLivCompiling2012\bullet-2.8.6\BulletCollision\BulletCollision.dir\RelWithDebInfo\btDispatcher.obj
M:\Users\user\source\repos\StdLivCompiling2012\bullet-2.8.6\BulletCollision\BulletCollision.dir\RelWithDebInfo\btEmptyCollisionAlgorithm.obj
M:\Users\user\source\repos\StdLivCompiling2012\bullet-2.8.6\BulletCollision\BulletCollision.dir\RelWithDebInfo\btEmptyShape.obj
M:\Users\user\source\repos\StdLivCompiling2012\bullet-2.8.6\BulletCollision\BulletCollision.dir\RelWithDebInfo\btGenericPoolAllocator.obj
M:\Users\user\source\repos\StdLivCompiling2012\bullet-2.8.6\BulletCollision\BulletCollision.dir\RelWithDebInfo\btGhostObject.obj
M:\Users\user\source\repos\StdLivCompiling2012\bullet-2.8.6\BulletCollision\BulletCollision.dir\RelWithDebInfo\btGImpactBvh.obj
M:\Users\user\source\repos\StdLivCompiling2012\bullet-2.8.6\BulletCollision\BulletCollision.dir\RelWithDebInfo\btGImpactCollisionAlgorithm.obj
M:\Users\user\source\repos\StdLivCompiling2012\bullet-2.8.6\BulletCollision\BulletCollision.dir\RelWithDebInfo\btGImpactQuantizedBvh.obj
M:\Users\user\source\repos\StdLivCompiling2012\bullet-2.8.6\BulletCollision\BulletCollision.dir\RelWithDebInfo\btGImpactShape.obj
M:\Users\user\source\repos\StdLivCompiling2012\bullet-2.8.6\BulletCollision\BulletCollision.dir\RelWithDebInfo\btGjkConvexCast.obj
M:\Users\user\source\repos\StdLivCompiling2012\bullet-2.8.6\BulletCollision\BulletCollision.dir\RelWithDebInfo\btGjkEpa2.obj
M:\Users\user\source\repos\StdLivCompiling2012\bullet-2.8.6\BulletCollision\BulletCollision.dir\RelWithDebInfo\btGjkEpaPenetrationDepthSolver.obj
M:\Users\user\source\repos\StdLivCompiling2012\bullet-2.8.6\BulletCollision\BulletCollision.dir\RelWithDebInfo\btGjkPairDetector.obj
M:\Users\user\source\repos\StdLivCompiling2012\bullet-2.8.6\BulletCollision\BulletCollision.dir\RelWithDebInfo\btHashedSimplePairCache.obj
M:\Users\user\source\repos\StdLivCompiling2012\bullet-2.8.6\BulletCollision\BulletCollision.dir\RelWithDebInfo\btHeightfieldTerrainShape.obj
M:\Users\user\source\repos\StdLivCompiling2012\bullet-2.8.6\BulletCollision\BulletCollision.dir\RelWithDebInfo\btInternalEdgeUtility.obj
M:\Users\user\source\repos\StdLivCompiling2012\bullet-2.8.6\BulletCollision\BulletCollision.dir\RelWithDebInfo\btManifoldResult.obj
M:\Users\user\source\repos\StdLivCompiling2012\bullet-2.8.6\BulletCollision\BulletCollision.dir\RelWithDebInfo\btMinkowskiPenetrationDepthSolver.obj
M:\Users\user\source\repos\StdLivCompiling2012\bullet-2.8.6\BulletCollision\BulletCollision.dir\RelWithDebInfo\btMinkowskiSumShape.obj
M:\Users\user\source\repos\StdLivCompiling2012\bullet-2.8.6\BulletCollision\BulletCollision.dir\RelWithDebInfo\btMultimaterialTriangleMeshShape.obj
M:\Users\user\source\repos\StdLivCompiling2012\bullet-2.8.6\BulletCollision\BulletCollision.dir\RelWithDebInfo\btMultiSphereShape.obj
M:\Users\user\source\repos\StdLivCompiling2012\bullet-2.8.6\BulletCollision\BulletCollision.dir\RelWithDebInfo\btOptimizedBvh.obj
M:\Users\user\source\repos\StdLivCompiling2012\bullet-2.8.6\BulletCollision\BulletCollision.dir\RelWithDebInfo\btOverlappingPairCache.obj
M:\Users\user\source\repos\StdLivCompiling2012\bullet-2.8.6\BulletCollision\BulletCollision.dir\RelWithDebInfo\btPersistentManifold.obj
M:\Users\user\source\repos\StdLivCompiling2012\bullet-2.8.6\BulletCollision\BulletCollision.dir\RelWithDebInfo\btPolyhedralContactClipping.obj
M:\Users\user\source\repos\StdLivCompiling2012\bullet-2.8.6\BulletCollision\BulletCollision.dir\RelWithDebInfo\btPolyhedralConvexShape.obj
M:\Users\user\source\repos\StdLivCompiling2012\bullet-2.8.6\BulletCollision\BulletCollision.dir\RelWithDebInfo\btQuantizedBvh.obj
M:\Users\user\source\repos\StdLivCompiling2012\bullet-2.8.6\BulletCollision\BulletCollision.dir\RelWithDebInfo\btRaycastCallback.obj
M:\Users\user\source\repos\StdLivCompiling2012\bullet-2.8.6\BulletCollision\BulletCollision.dir\RelWithDebInfo\btScaledBvhTriangleMeshShape.obj
M:\Users\user\source\repos\StdLivCompiling2012\bullet-2.8.6\BulletCollision\BulletCollision.dir\RelWithDebInfo\btShapeHull.obj
M:\Users\user\source\repos\StdLivCompiling2012\bullet-2.8.6\BulletCollision\BulletCollision.dir\RelWithDebInfo\btSimpleBroadphase.obj
M:\Users\user\source\repos\StdLivCompiling2012\bullet-2.8.6\BulletCollision\BulletCollision.dir\RelWithDebInfo\btSimulationIslandManager.obj
M:\Users\user\source\repos\StdLivCompiling2012\bullet-2.8.6\BulletCollision\BulletCollision.dir\RelWithDebInfo\btSphereBoxCollisionAlgorithm.obj
M:\Users\user\source\repos\StdLivCompiling2012\bullet-2.8.6\BulletCollision\BulletCollision.dir\RelWithDebInfo\btSphereShape.obj
M:\Users\user\source\repos\StdLivCompiling2012\bullet-2.8.6\BulletCollision\BulletCollision.dir\RelWithDebInfo\btSphereSphereCollisionAlgorithm.obj
M:\Users\user\source\repos\StdLivCompiling2012\bullet-2.8.6\BulletCollision\BulletCollision.dir\RelWithDebInfo\btSphereTriangleCollisionAlgorithm.obj
M:\Users\user\source\repos\StdLivCompiling2012\bullet-2.8.6\BulletCollision\BulletCollision.dir\RelWithDebInfo\btStaticPlaneShape.obj
M:\Users\user\source\repos\StdLivCompiling2012\bullet-2.8.6\BulletCollision\BulletCollision.dir\RelWithDebInfo\btStridingMeshInterface.obj
M:\Users\user\source\repos\StdLivCompiling2012\bullet-2.8.6\BulletCollision\BulletCollision.dir\RelWithDebInfo\btSubSimplexConvexCast.obj
M:\Users\user\source\repos\StdLivCompiling2012\bullet-2.8.6\BulletCollision\BulletCollision.dir\RelWithDebInfo\btTetrahedronShape.obj
M:\Users\user\source\repos\StdLivCompiling2012\bullet-2.8.6\BulletCollision\BulletCollision.dir\RelWithDebInfo\btTriangleBuffer.obj
M:\Users\user\source\repos\StdLivCompiling2012\bullet-2.8.6\BulletCollision\BulletCollision.dir\RelWithDebInfo\btTriangleCallback.obj
M:\Users\user\source\repos\StdLivCompiling2012\bullet-2.8.6\BulletCollision\BulletCollision.dir\RelWithDebInfo\btTriangleIndexVertexArray.obj
M:\Users\user\source\repos\StdLivCompiling2012\bullet-2.8.6\BulletCollision\BulletCollision.dir\RelWithDebInfo\btTriangleIndexVertexMaterialArray.obj
M:\Users\user\source\repos\StdLivCompiling2012\bullet-2.8.6\BulletCollision\BulletCollision.dir\RelWithDebInfo\btTriangleMesh.obj
M:\Users\user\source\repos\StdLivCompiling2012\bullet-2.8.6\BulletCollision\BulletCollision.dir\RelWithDebInfo\btTriangleMeshShape.obj
M:\Users\user\source\repos\StdLivCompiling2012\bullet-2.8.6\BulletCollision\BulletCollision.dir\RelWithDebInfo\btTriangleShapeEx.obj
M:\Users\user\source\repos\StdLivCompiling2012\bullet-2.8.6\BulletCollision\BulletCollision.dir\RelWithDebInfo\btUniformScalingShape.obj
M:\Users\user\source\repos\StdLivCompiling2012\bullet-2.8.6\BulletCollision\BulletCollision.dir\RelWithDebInfo\btUnionFind.obj
M:\Users\user\source\repos\StdLivCompiling2012\bullet-2.8.6\BulletCollision\BulletCollision.dir\RelWithDebInfo\btVoronoiSimplexSolver.obj
M:\Users\user\source\repos\StdLivCompiling2012\bullet-2.8.6\BulletCollision\BulletCollision.dir\RelWithDebInfo\gim_box_set.obj
M:\Users\user\source\repos\StdLivCompiling2012\bullet-2.8.6\BulletCollision\BulletCollision.dir\RelWithDebInfo\gim_contact.obj
M:\Users\user\source\repos\StdLivCompiling2012\bullet-2.8.6\BulletCollision\BulletCollision.dir\RelWithDebInfo\gim_memory.obj
M:\Users\user\source\repos\StdLivCompiling2012\bullet-2.8.6\BulletCollision\BulletCollision.dir\RelWithDebInfo\gim_tri_collision.obj
M:\Users\user\source\repos\StdLivCompiling2012\bullet-2.8.6\BulletCollision\BulletCollision.dir\RelWithDebInfo\SphereTriangleDetector.obj
M:\Users\user\source\repos\StdLivCompiling2012\bullet-2.8.6\BulletCollision\BulletCollision.dir\RelWithDebInfo\cl.command.1.tlog
M:\Users\user\source\repos\StdLivCompiling2012\bullet-2.8.6\BulletCollision\BulletCollision.dir\RelWithDebInfo\CL.read.1.tlog
M:\Users\user\source\repos\StdLivCompiling2012\bullet-2.8.6\BulletCollision\BulletCollision.dir\RelWithDebInfo\CL.write.1.tlog
M:\Users\user\source\repos\StdLivCompiling2012\bullet-2.8.6\BulletCollision\BulletCollision.dir\RelWithDebInfo\custombuild.command.1.tlog
M:\Users\user\source\repos\StdLivCompiling2012\bullet-2.8.6\BulletCollision\BulletCollision.dir\RelWithDebInfo\custombuild.read.1.tlog
M:\Users\user\source\repos\StdLivCompiling2012\bullet-2.8.6\BulletCollision\BulletCollision.dir\RelWithDebInfo\custombuild.write.1.tlog
M:\Users\user\source\repos\StdLivCompiling2012\bullet-2.8.6\BulletCollision\BulletCollision.dir\RelWithDebInfo\Lib-link.read.1.tlog
M:\Users\user\source\repos\StdLivCompiling2012\bullet-2.8.6\BulletCollision\BulletCollision.dir\RelWithDebInfo\Lib-link.write.1.tlog
M:\Users\user\source\repos\StdLivCompiling2012\bullet-2.8.6\BulletCollision\BulletCollision.dir\RelWithDebInfo\lib.command.1.tlog
M:\Users\user\source\repos\StdLivCompiling2012\bullet-2.8.6\BulletCollision\BulletCollision.dir\RelWithDebInfo\vc110.pdb
M:\Users\user\source\repos\StdLivCompiling2012\bullet-2.8.6\BulletCollision\..\..\bullet_release\BulletCollision286.lib
