m:\users\user\source\repos\stdlivcompiling2012\bullet-2.8.2\bulletdynamics\bulletdynamics.dir\relwithdebinfo\btraycastvehicle.obj
m:\users\user\source\repos\stdlivcompiling2012\bullet-2.8.2\bulletdynamics\bulletdynamics.dir\relwithdebinfo\bullet-c-api.obj
m:\users\user\source\repos\stdlivcompiling2012\bullet-2.8.2\bulletdynamics\bulletdynamics.dir\relwithdebinfo\btsimpledynamicsworld.obj
m:\users\user\source\repos\stdlivcompiling2012\bullet-2.8.2\bulletdynamics\bulletdynamics.dir\relwithdebinfo\btrigidbody.obj
m:\users\user\source\repos\stdlivcompiling2012\bullet-2.8.2\bulletdynamics\bulletdynamics.dir\relwithdebinfo\btdiscretedynamicsworld.obj
m:\users\user\source\repos\stdlivcompiling2012\bullet-2.8.2\bulletdynamics\bulletdynamics.dir\relwithdebinfo\btuniversalconstraint.obj
m:\users\user\source\repos\stdlivcompiling2012\bullet-2.8.2\bulletdynamics\bulletdynamics.dir\relwithdebinfo\bttypedconstraint.obj
m:\users\user\source\repos\stdlivcompiling2012\bullet-2.8.2\bulletdynamics\bulletdynamics.dir\relwithdebinfo\btsolve2linearconstraint.obj
m:\users\user\source\repos\stdlivcompiling2012\bullet-2.8.2\bulletdynamics\bulletdynamics.dir\relwithdebinfo\btsliderconstraint.obj
m:\users\user\source\repos\stdlivcompiling2012\bullet-2.8.2\bulletdynamics\bulletdynamics.dir\relwithdebinfo\btsequentialimpulseconstraintsolver.obj
m:\users\user\source\repos\stdlivcompiling2012\bullet-2.8.2\bulletdynamics\bulletdynamics.dir\relwithdebinfo\btpoint2pointconstraint.obj
m:\users\user\source\repos\stdlivcompiling2012\bullet-2.8.2\bulletdynamics\bulletdynamics.dir\relwithdebinfo\bthingeconstraint.obj
m:\users\user\source\repos\stdlivcompiling2012\bullet-2.8.2\bulletdynamics\bulletdynamics.dir\relwithdebinfo\bthinge2constraint.obj
m:\users\user\source\repos\stdlivcompiling2012\bullet-2.8.2\bulletdynamics\bulletdynamics.dir\relwithdebinfo\btgeneric6dofspringconstraint.obj
m:\users\user\source\repos\stdlivcompiling2012\bullet-2.8.2\bulletdynamics\bulletdynamics.dir\relwithdebinfo\btgeneric6dofconstraint.obj
m:\users\user\source\repos\stdlivcompiling2012\bullet-2.8.2\bulletdynamics\bulletdynamics.dir\relwithdebinfo\btgearconstraint.obj
m:\users\user\source\repos\stdlivcompiling2012\bullet-2.8.2\bulletdynamics\bulletdynamics.dir\relwithdebinfo\btfixedconstraint.obj
m:\users\user\source\repos\stdlivcompiling2012\bullet-2.8.2\bulletdynamics\bulletdynamics.dir\relwithdebinfo\btcontactconstraint.obj
m:\users\user\source\repos\stdlivcompiling2012\bullet-2.8.2\bulletdynamics\bulletdynamics.dir\relwithdebinfo\btconetwistconstraint.obj
m:\users\user\source\repos\stdlivcompiling2012\bullet-2.8.2\bulletdynamics\bulletdynamics.dir\relwithdebinfo\btkinematiccharactercontroller.obj
m:\users\user\source\repos\stdlivcompiling2012\bullet-2.8.2\bulletdynamics\bulletdynamics.dir\relwithdebinfo\btmlcpsolver.obj
m:\users\user\source\repos\stdlivcompiling2012\bullet-2.8.2\bulletdynamics\bulletdynamics.dir\relwithdebinfo\btdantziglcp.obj
m:\users\user\source\repos\stdlivcompiling2012\bullet-2.8.2\bulletdynamics\bulletdynamics.dir\relwithdebinfo\btmultibodyjointmotor.obj
m:\users\user\source\repos\stdlivcompiling2012\bullet-2.8.2\bulletdynamics\bulletdynamics.dir\relwithdebinfo\btmultibodypoint2point.obj
m:\users\user\source\repos\stdlivcompiling2012\bullet-2.8.2\bulletdynamics\bulletdynamics.dir\relwithdebinfo\btmultibodyconstraint.obj
m:\users\user\source\repos\stdlivcompiling2012\bullet-2.8.2\bulletdynamics\bulletdynamics.dir\relwithdebinfo\btmultibodyjointlimitconstraint.obj
m:\users\user\source\repos\stdlivcompiling2012\bullet-2.8.2\bulletdynamics\bulletdynamics.dir\relwithdebinfo\btmultibodydynamicsworld.obj
m:\users\user\source\repos\stdlivcompiling2012\bullet-2.8.2\bulletdynamics\bulletdynamics.dir\relwithdebinfo\btmultibodyconstraintsolver.obj
m:\users\user\source\repos\stdlivcompiling2012\bullet-2.8.2\bulletdynamics\bulletdynamics.dir\relwithdebinfo\btmultibody.obj
m:\users\user\source\repos\stdlivcompiling2012\bullet-2.8.2\bulletdynamics\bulletdynamics.dir\relwithdebinfo\btwheelinfo.obj
m:\users\user\source\repos\stdlivcompiling2012\bullet-2.8.2\bulletdynamics\bulletdynamics.dir\relwithdebinfo\vc110.pdb
c:\bullet\bullet3-2.82\build10\src\bulletdynamics\cmakefiles\generate.stamp
m:\users\user\source\repos\stdlivcompiling2012\bullet_release\bulletdynamics282.lib
m:\users\user\source\repos\stdlivcompiling2012\bullet-2.8.2\bulletdynamics\bulletdynamics.dir\relwithdebinfo\bulletdynamics.pdb
m:\users\user\source\repos\stdlivcompiling2012\bullet-2.8.2\bulletdynamics\bulletdynamics.dir\relwithdebinfo\cl.command.1.tlog
m:\users\user\source\repos\stdlivcompiling2012\bullet-2.8.2\bulletdynamics\bulletdynamics.dir\relwithdebinfo\cl.read.1.tlog
m:\users\user\source\repos\stdlivcompiling2012\bullet-2.8.2\bulletdynamics\bulletdynamics.dir\relwithdebinfo\cl.write.1.tlog
m:\users\user\source\repos\stdlivcompiling2012\bullet-2.8.2\bulletdynamics\bulletdynamics.dir\relwithdebinfo\custombuild.command.1.tlog
m:\users\user\source\repos\stdlivcompiling2012\bullet-2.8.2\bulletdynamics\bulletdynamics.dir\relwithdebinfo\custombuild.read.1.tlog
m:\users\user\source\repos\stdlivcompiling2012\bullet-2.8.2\bulletdynamics\bulletdynamics.dir\relwithdebinfo\custombuild.write.1.tlog
m:\users\user\source\repos\stdlivcompiling2012\bullet-2.8.2\bulletdynamics\bulletdynamics.dir\relwithdebinfo\lib-link.read.1.tlog
m:\users\user\source\repos\stdlivcompiling2012\bullet-2.8.2\bulletdynamics\bulletdynamics.dir\relwithdebinfo\lib-link.write.1.tlog
m:\users\user\source\repos\stdlivcompiling2012\bullet-2.8.2\bulletdynamics\bulletdynamics.dir\relwithdebinfo\lib.command.1.tlog
m:\users\user\source\repos\stdlivcompiling2012\bullet-2.8.2\bulletdynamics\..\..\bullet_release\bulletdynamics282.lib
m:\users\user\source\repos\stdlivcompiling2012\bullet-2.8.2\bulletdynamics\bulletdynamics.dir\relwithdebinfo\bulletdynamics.tlog\cl.command.1.tlog
m:\users\user\source\repos\stdlivcompiling2012\bullet-2.8.2\bulletdynamics\bulletdynamics.dir\relwithdebinfo\bulletdynamics.tlog\cl.read.1.tlog
m:\users\user\source\repos\stdlivcompiling2012\bullet-2.8.2\bulletdynamics\bulletdynamics.dir\relwithdebinfo\bulletdynamics.tlog\cl.write.1.tlog
m:\users\user\source\repos\stdlivcompiling2012\bullet-2.8.2\bulletdynamics\bulletdynamics.dir\relwithdebinfo\bulletdynamics.tlog\clang-cl.command.1.tlog
m:\users\user\source\repos\stdlivcompiling2012\bullet-2.8.2\bulletdynamics\bulletdynamics.dir\relwithdebinfo\bulletdynamics.tlog\custombuild.command.1.tlog
m:\users\user\source\repos\stdlivcompiling2012\bullet-2.8.2\bulletdynamics\bulletdynamics.dir\relwithdebinfo\bulletdynamics.tlog\custombuild.read.1.tlog
m:\users\user\source\repos\stdlivcompiling2012\bullet-2.8.2\bulletdynamics\bulletdynamics.dir\relwithdebinfo\bulletdynamics.tlog\custombuild.write.1.tlog
m:\users\user\source\repos\stdlivcompiling2012\bullet-2.8.2\bulletdynamics\bulletdynamics.dir\relwithdebinfo\bulletdynamics.tlog\icl-mcpcom.read.1.tlog
m:\users\user\source\repos\stdlivcompiling2012\bullet-2.8.2\bulletdynamics\bulletdynamics.dir\relwithdebinfo\bulletdynamics.tlog\icl-mcpcom.write.1.tlog
m:\users\user\source\repos\stdlivcompiling2012\bullet-2.8.2\bulletdynamics\bulletdynamics.dir\relwithdebinfo\bulletdynamics.tlog\icl.command.1.tlog
m:\users\user\source\repos\stdlivcompiling2012\bullet-2.8.2\bulletdynamics\bulletdynamics.dir\relwithdebinfo\bulletdynamics.tlog\icl.read.1.tlog
m:\users\user\source\repos\stdlivcompiling2012\bullet-2.8.2\bulletdynamics\bulletdynamics.dir\relwithdebinfo\bulletdynamics.tlog\icl.write.1.tlog
m:\users\user\source\repos\stdlivcompiling2012\bullet-2.8.2\bulletdynamics\bulletdynamics.dir\relwithdebinfo\bulletdynamics.tlog\lib-link.read.1.tlog
m:\users\user\source\repos\stdlivcompiling2012\bullet-2.8.2\bulletdynamics\bulletdynamics.dir\relwithdebinfo\bulletdynamics.tlog\lib-link.write.1.tlog
m:\users\user\source\repos\stdlivcompiling2012\bullet-2.8.2\bulletdynamics\bulletdynamics.dir\relwithdebinfo\bulletdynamics.tlog\lib.command.1.tlog
m:\users\user\source\repos\stdlivcompiling2012\bullet-2.8.2\bulletdynamics\bulletdynamics.dir\relwithdebinfo\bulletdynamics.tlog\xilib-xilink-lib-link.read.1.tlog
m:\users\user\source\repos\stdlivcompiling2012\bullet-2.8.2\bulletdynamics\bulletdynamics.dir\relwithdebinfo\bulletdynamics.tlog\xilib-xilink-lib-link.write.1.tlog
m:\users\user\source\repos\stdlivcompiling2012\bullet-2.8.2\bulletdynamics\bulletdynamics.dir\relwithdebinfo\bulletdynamics.tlog\xilib-xilink.read.1.tlog
m:\users\user\source\repos\stdlivcompiling2012\bullet-2.8.2\bulletdynamics\bulletdynamics.dir\relwithdebinfo\bulletdynamics.tlog\xilib-xilink.write.1.tlog
m:\users\user\source\repos\stdlivcompiling2012\bullet-2.8.2\bulletdynamics\bulletdynamics.dir\relwithdebinfo\bulletdynamics.tlog\xilib.command.1.tlog
