M:\USERS\USER\SOURCE\REPOS\STDLIVCOMPILING2012\BULLET-2.7.5\BULLETDYNAMICS\BULLETDYNAMICS.DIR\RELWITHDEBINFO\BTWHEELINFO.OBJ
M:\USERS\USER\SOURCE\REPOS\STDLIVCOMPILING2012\BULLET-2.7.5\BULLETDYNAMICS\BULLETDYNAMICS.DIR\RELWITHDEBINFO\BTRAYCASTVEHICLE.OBJ
M:\USERS\USER\SOURCE\REPOS\STDLIVCOMPILING2012\BULLET-2.7.5\BULLETDYNAMICS\BULLETDYNAMICS.DIR\RELWITHDEBINFO\BULLET-C-API.OBJ
M:\USERS\USER\SOURCE\REPOS\STDLIVCOMPILING2012\BULLET-2.7.5\BULLETDYNAMICS\BULLETDYNAMICS.DIR\RELWITHDEBINFO\BTSIMPLEDYNAMICSWORLD.OBJ
M:\USERS\USER\SOURCE\REPOS\STDLIVCOMPILING2012\BULLET-2.7.5\BULLETDYNAMICS\BULLETDYNAMICS.DIR\RELWITHDEBINFO\BTRIGIDBODY.OBJ
M:\USERS\USER\SOURCE\REPOS\STDLIVCOMPILING2012\BULLET-2.7.5\BULLETDYNAMICS\BULLETDYNAMICS.DIR\RELWITHDEBINFO\BTDISCRETEDYNAMICSWORLD.OBJ
M:\USERS\USER\SOURCE\REPOS\STDLIVCOMPILING2012\BULLET-2.7.5\BULLETDYNAMICS\BULLETDYNAMICS.DIR\RELWITHDEBINFO\BTCONTINUOUSDYNAMICSWORLD.OBJ
M:\USERS\USER\SOURCE\REPOS\STDLIVCOMPILING2012\BULLET-2.7.5\BULLETDYNAMICS\BULLETDYNAMICS.DIR\RELWITHDEBINFO\BTUNIVERSALCONSTRAINT.OBJ
M:\USERS\USER\SOURCE\REPOS\STDLIVCOMPILING2012\BULLET-2.7.5\BULLETDYNAMICS\BULLETDYNAMICS.DIR\RELWITHDEBINFO\BTTYPEDCONSTRAINT.OBJ
M:\USERS\USER\SOURCE\REPOS\STDLIVCOMPILING2012\BULLET-2.7.5\BULLETDYNAMICS\BULLETDYNAMICS.DIR\RELWITHDEBINFO\BTSOLVE2LINEARCONSTRAINT.OBJ
M:\USERS\USER\SOURCE\REPOS\STDLIVCOMPILING2012\BULLET-2.7.5\BULLETDYNAMICS\BULLETDYNAMICS.DIR\RELWITHDEBINFO\BTSLIDERCONSTRAINT.OBJ
M:\USERS\USER\SOURCE\REPOS\STDLIVCOMPILING2012\BULLET-2.7.5\BULLETDYNAMICS\BULLETDYNAMICS.DIR\RELWITHDEBINFO\BTSEQUENTIALIMPULSECONSTRAINTSOLVER.OBJ
M:\USERS\USER\SOURCE\REPOS\STDLIVCOMPILING2012\BULLET-2.7.5\BULLETDYNAMICS\BULLETDYNAMICS.DIR\RELWITHDEBINFO\BTPOINT2POINTCONSTRAINT.OBJ
M:\USERS\USER\SOURCE\REPOS\STDLIVCOMPILING2012\BULLET-2.7.5\BULLETDYNAMICS\BULLETDYNAMICS.DIR\RELWITHDEBINFO\BTHINGECONSTRAINT.OBJ
M:\USERS\USER\SOURCE\REPOS\STDLIVCOMPILING2012\BULLET-2.7.5\BULLETDYNAMICS\BULLETDYNAMICS.DIR\RELWITHDEBINFO\BTHINGE2CONSTRAINT.OBJ
M:\USERS\USER\SOURCE\REPOS\STDLIVCOMPILING2012\BULLET-2.7.5\BULLETDYNAMICS\BULLETDYNAMICS.DIR\RELWITHDEBINFO\BTGENERIC6DOFSPRINGCONSTRAINT.OBJ
M:\USERS\USER\SOURCE\REPOS\STDLIVCOMPILING2012\BULLET-2.7.5\BULLETDYNAMICS\BULLETDYNAMICS.DIR\RELWITHDEBINFO\BTGENERIC6DOFCONSTRAINT.OBJ
M:\USERS\USER\SOURCE\REPOS\STDLIVCOMPILING2012\BULLET-2.7.5\BULLETDYNAMICS\BULLETDYNAMICS.DIR\RELWITHDEBINFO\BTCONTACTCONSTRAINT.OBJ
M:\USERS\USER\SOURCE\REPOS\STDLIVCOMPILING2012\BULLET-2.7.5\BULLETDYNAMICS\BULLETDYNAMICS.DIR\RELWITHDEBINFO\BTCONETWISTCONSTRAINT.OBJ
M:\USERS\USER\SOURCE\REPOS\STDLIVCOMPILING2012\BULLET-2.7.5\BULLETDYNAMICS\BULLETDYNAMICS.DIR\RELWITHDEBINFO\BTKINEMATICCHARACTERCONTROLLER.OBJ
M:\USERS\USER\SOURCE\REPOS\STDLIVCOMPILING2012\BULLET-2.7.5\BULLETDYNAMICS\BULLETDYNAMICS.DIR\RELWITHDEBINFO\VC110.PDB
C:\BULLET\BULLET-2.75\BUILD10\SRC\BULLETDYNAMICS\CMAKEFILES\GENERATE.STAMP
M:\USERS\USER\SOURCE\REPOS\STDLIVCOMPILING2012\BULLET_RELEASE\BULLETDYNAMICS275.LIB
M:\Users\user\source\repos\StdLivCompiling2012\bullet-2.7.5\BulletDynamics\BulletDynamics.dir\RelWithDebInfo\btConeTwistConstraint.obj
M:\Users\user\source\repos\StdLivCompiling2012\bullet-2.7.5\BulletDynamics\BulletDynamics.dir\RelWithDebInfo\btContactConstraint.obj
M:\Users\user\source\repos\StdLivCompiling2012\bullet-2.7.5\BulletDynamics\BulletDynamics.dir\RelWithDebInfo\btContinuousDynamicsWorld.obj
M:\Users\user\source\repos\StdLivCompiling2012\bullet-2.7.5\BulletDynamics\BulletDynamics.dir\RelWithDebInfo\btDiscreteDynamicsWorld.obj
M:\Users\user\source\repos\StdLivCompiling2012\bullet-2.7.5\BulletDynamics\BulletDynamics.dir\RelWithDebInfo\btGeneric6DofConstraint.obj
M:\Users\user\source\repos\StdLivCompiling2012\bullet-2.7.5\BulletDynamics\BulletDynamics.dir\RelWithDebInfo\btGeneric6DofSpringConstraint.obj
M:\Users\user\source\repos\StdLivCompiling2012\bullet-2.7.5\BulletDynamics\BulletDynamics.dir\RelWithDebInfo\btHinge2Constraint.obj
M:\Users\user\source\repos\StdLivCompiling2012\bullet-2.7.5\BulletDynamics\BulletDynamics.dir\RelWithDebInfo\btHingeConstraint.obj
M:\Users\user\source\repos\StdLivCompiling2012\bullet-2.7.5\BulletDynamics\BulletDynamics.dir\RelWithDebInfo\btKinematicCharacterController.obj
M:\Users\user\source\repos\StdLivCompiling2012\bullet-2.7.5\BulletDynamics\BulletDynamics.dir\RelWithDebInfo\btPoint2PointConstraint.obj
M:\Users\user\source\repos\StdLivCompiling2012\bullet-2.7.5\BulletDynamics\BulletDynamics.dir\RelWithDebInfo\btRaycastVehicle.obj
M:\Users\user\source\repos\StdLivCompiling2012\bullet-2.7.5\BulletDynamics\BulletDynamics.dir\RelWithDebInfo\btRigidBody.obj
M:\Users\user\source\repos\StdLivCompiling2012\bullet-2.7.5\BulletDynamics\BulletDynamics.dir\RelWithDebInfo\btSequentialImpulseConstraintSolver.obj
M:\Users\user\source\repos\StdLivCompiling2012\bullet-2.7.5\BulletDynamics\BulletDynamics.dir\RelWithDebInfo\btSimpleDynamicsWorld.obj
M:\Users\user\source\repos\StdLivCompiling2012\bullet-2.7.5\BulletDynamics\BulletDynamics.dir\RelWithDebInfo\btSliderConstraint.obj
M:\Users\user\source\repos\StdLivCompiling2012\bullet-2.7.5\BulletDynamics\BulletDynamics.dir\RelWithDebInfo\btSolve2LinearConstraint.obj
M:\Users\user\source\repos\StdLivCompiling2012\bullet-2.7.5\BulletDynamics\BulletDynamics.dir\RelWithDebInfo\btTypedConstraint.obj
M:\Users\user\source\repos\StdLivCompiling2012\bullet-2.7.5\BulletDynamics\BulletDynamics.dir\RelWithDebInfo\btUniversalConstraint.obj
M:\Users\user\source\repos\StdLivCompiling2012\bullet-2.7.5\BulletDynamics\BulletDynamics.dir\RelWithDebInfo\btWheelInfo.obj
M:\Users\user\source\repos\StdLivCompiling2012\bullet-2.7.5\BulletDynamics\BulletDynamics.dir\RelWithDebInfo\Bullet-C-API.obj
M:\Users\user\source\repos\StdLivCompiling2012\bullet-2.7.5\BulletDynamics\BulletDynamics.dir\RelWithDebInfo\cl.command.1.tlog
M:\Users\user\source\repos\StdLivCompiling2012\bullet-2.7.5\BulletDynamics\BulletDynamics.dir\RelWithDebInfo\CL.read.1.tlog
M:\Users\user\source\repos\StdLivCompiling2012\bullet-2.7.5\BulletDynamics\BulletDynamics.dir\RelWithDebInfo\CL.write.1.tlog
M:\Users\user\source\repos\StdLivCompiling2012\bullet-2.7.5\BulletDynamics\BulletDynamics.dir\RelWithDebInfo\custombuild.command.1.tlog
M:\Users\user\source\repos\StdLivCompiling2012\bullet-2.7.5\BulletDynamics\BulletDynamics.dir\RelWithDebInfo\custombuild.read.1.tlog
M:\Users\user\source\repos\StdLivCompiling2012\bullet-2.7.5\BulletDynamics\BulletDynamics.dir\RelWithDebInfo\custombuild.write.1.tlog
M:\Users\user\source\repos\StdLivCompiling2012\bullet-2.7.5\BulletDynamics\BulletDynamics.dir\RelWithDebInfo\Lib-link.read.1.tlog
M:\Users\user\source\repos\StdLivCompiling2012\bullet-2.7.5\BulletDynamics\BulletDynamics.dir\RelWithDebInfo\Lib-link.write.1.tlog
M:\Users\user\source\repos\StdLivCompiling2012\bullet-2.7.5\BulletDynamics\BulletDynamics.dir\RelWithDebInfo\lib.command.1.tlog
M:\Users\user\source\repos\StdLivCompiling2012\bullet-2.7.5\BulletDynamics\BulletDynamics.dir\RelWithDebInfo\vc110.pdb
M:\Users\user\source\repos\StdLivCompiling2012\bullet-2.7.5\BulletDynamics\..\..\bullet_release\BulletDynamics275.lib
