M:\USERS\USER\SOURCE\REPOS\STDLIVCOMPILING2012\BULLET-2.8.6\BULLETDYNAMICS\BULLETDYNAMICS.DIR\RELWITHDEBINFO\BTSIMULATIONISLANDMANAGERMT.OBJ
M:\USERS\USER\SOURCE\REPOS\STDLIVCOMPILING2012\BULLET-2.8.6\BULLETDYNAMICS\BULLETDYNAMICS.DIR\RELWITHDEBINFO\BTDISCRETEDYNAMICSWORLDMT.OBJ
M:\USERS\USER\SOURCE\REPOS\STDLIVCOMPILING2012\BULLET-2.8.6\BULLETDYNAMICS\BULLETDYNAMICS.DIR\RELWITHDEBINFO\BTDISCRETEDYNAMICSWORLD.OBJ
M:\USERS\USER\SOURCE\REPOS\STDLIVCOMPILING2012\BULLET-2.8.6\BULLETDYNAMICS\BULLETDYNAMICS.DIR\RELWITHDEBINFO\BTUNIVERSALCONSTRAINT.OBJ
M:\USERS\USER\SOURCE\REPOS\STDLIVCOMPILING2012\BULLET-2.8.6\BULLETDYNAMICS\BULLETDYNAMICS.DIR\RELWITHDEBINFO\BTTYPEDCONSTRAINT.OBJ
M:\USERS\USER\SOURCE\REPOS\STDLIVCOMPILING2012\BULLET-2.8.6\BULLETDYNAMICS\BULLETDYNAMICS.DIR\RELWITHDEBINFO\BTSOLVE2LINEARCONSTRAINT.OBJ
M:\USERS\USER\SOURCE\REPOS\STDLIVCOMPILING2012\BULLET-2.8.6\BULLETDYNAMICS\BULLETDYNAMICS.DIR\RELWITHDEBINFO\BTSLIDERCONSTRAINT.OBJ
M:\USERS\USER\SOURCE\REPOS\STDLIVCOMPILING2012\BULLET-2.8.6\BULLETDYNAMICS\BULLETDYNAMICS.DIR\RELWITHDEBINFO\BTNNCGCONSTRAINTSOLVER.OBJ
M:\USERS\USER\SOURCE\REPOS\STDLIVCOMPILING2012\BULLET-2.8.6\BULLETDYNAMICS\BULLETDYNAMICS.DIR\RELWITHDEBINFO\BTSEQUENTIALIMPULSECONSTRAINTSOLVER.OBJ
M:\USERS\USER\SOURCE\REPOS\STDLIVCOMPILING2012\BULLET-2.8.6\BULLETDYNAMICS\BULLETDYNAMICS.DIR\RELWITHDEBINFO\BTPOINT2POINTCONSTRAINT.OBJ
M:\USERS\USER\SOURCE\REPOS\STDLIVCOMPILING2012\BULLET-2.8.6\BULLETDYNAMICS\BULLETDYNAMICS.DIR\RELWITHDEBINFO\BTHINGECONSTRAINT.OBJ
M:\USERS\USER\SOURCE\REPOS\STDLIVCOMPILING2012\BULLET-2.8.6\BULLETDYNAMICS\BULLETDYNAMICS.DIR\RELWITHDEBINFO\BTHINGE2CONSTRAINT.OBJ
M:\USERS\USER\SOURCE\REPOS\STDLIVCOMPILING2012\BULLET-2.8.6\BULLETDYNAMICS\BULLETDYNAMICS.DIR\RELWITHDEBINFO\BTGENERIC6DOFSPRING2CONSTRAINT.OBJ
M:\USERS\USER\SOURCE\REPOS\STDLIVCOMPILING2012\BULLET-2.8.6\BULLETDYNAMICS\BULLETDYNAMICS.DIR\RELWITHDEBINFO\BTGENERIC6DOFSPRINGCONSTRAINT.OBJ
M:\USERS\USER\SOURCE\REPOS\STDLIVCOMPILING2012\BULLET-2.8.6\BULLETDYNAMICS\BULLETDYNAMICS.DIR\RELWITHDEBINFO\BTGENERIC6DOFCONSTRAINT.OBJ
M:\USERS\USER\SOURCE\REPOS\STDLIVCOMPILING2012\BULLET-2.8.6\BULLETDYNAMICS\BULLETDYNAMICS.DIR\RELWITHDEBINFO\BTGEARCONSTRAINT.OBJ
M:\USERS\USER\SOURCE\REPOS\STDLIVCOMPILING2012\BULLET-2.8.6\BULLETDYNAMICS\BULLETDYNAMICS.DIR\RELWITHDEBINFO\BTFIXEDCONSTRAINT.OBJ
M:\USERS\USER\SOURCE\REPOS\STDLIVCOMPILING2012\BULLET-2.8.6\BULLETDYNAMICS\BULLETDYNAMICS.DIR\RELWITHDEBINFO\BTCONTACTCONSTRAINT.OBJ
M:\USERS\USER\SOURCE\REPOS\STDLIVCOMPILING2012\BULLET-2.8.6\BULLETDYNAMICS\BULLETDYNAMICS.DIR\RELWITHDEBINFO\BTCONETWISTCONSTRAINT.OBJ
M:\USERS\USER\SOURCE\REPOS\STDLIVCOMPILING2012\BULLET-2.8.6\BULLETDYNAMICS\BULLETDYNAMICS.DIR\RELWITHDEBINFO\BTKINEMATICCHARACTERCONTROLLER.OBJ
M:\USERS\USER\SOURCE\REPOS\STDLIVCOMPILING2012\BULLET-2.8.6\BULLETDYNAMICS\BULLETDYNAMICS.DIR\RELWITHDEBINFO\BTLEMKEALGORITHM.OBJ
M:\USERS\USER\SOURCE\REPOS\STDLIVCOMPILING2012\BULLET-2.8.6\BULLETDYNAMICS\BULLETDYNAMICS.DIR\RELWITHDEBINFO\BTMLCPSOLVER.OBJ
M:\USERS\USER\SOURCE\REPOS\STDLIVCOMPILING2012\BULLET-2.8.6\BULLETDYNAMICS\BULLETDYNAMICS.DIR\RELWITHDEBINFO\BTDANTZIGLCP.OBJ
M:\USERS\USER\SOURCE\REPOS\STDLIVCOMPILING2012\BULLET-2.8.6\BULLETDYNAMICS\BULLETDYNAMICS.DIR\RELWITHDEBINFO\BTMULTIBODYJOINTMOTOR.OBJ
M:\USERS\USER\SOURCE\REPOS\STDLIVCOMPILING2012\BULLET-2.8.6\BULLETDYNAMICS\BULLETDYNAMICS.DIR\RELWITHDEBINFO\BTMULTIBODYSLIDERCONSTRAINT.OBJ
M:\USERS\USER\SOURCE\REPOS\STDLIVCOMPILING2012\BULLET-2.8.6\BULLETDYNAMICS\BULLETDYNAMICS.DIR\RELWITHDEBINFO\BTMULTIBODYFIXEDCONSTRAINT.OBJ
M:\USERS\USER\SOURCE\REPOS\STDLIVCOMPILING2012\BULLET-2.8.6\BULLETDYNAMICS\BULLETDYNAMICS.DIR\RELWITHDEBINFO\BTMULTIBODYPOINT2POINT.OBJ
M:\USERS\USER\SOURCE\REPOS\STDLIVCOMPILING2012\BULLET-2.8.6\BULLETDYNAMICS\BULLETDYNAMICS.DIR\RELWITHDEBINFO\BTMULTIBODYCONSTRAINT.OBJ
M:\USERS\USER\SOURCE\REPOS\STDLIVCOMPILING2012\BULLET-2.8.6\BULLETDYNAMICS\BULLETDYNAMICS.DIR\RELWITHDEBINFO\BTMULTIBODYJOINTLIMITCONSTRAINT.OBJ
M:\USERS\USER\SOURCE\REPOS\STDLIVCOMPILING2012\BULLET-2.8.6\BULLETDYNAMICS\BULLETDYNAMICS.DIR\RELWITHDEBINFO\BTMULTIBODYDYNAMICSWORLD.OBJ
M:\USERS\USER\SOURCE\REPOS\STDLIVCOMPILING2012\BULLET-2.8.6\BULLETDYNAMICS\BULLETDYNAMICS.DIR\RELWITHDEBINFO\BTMULTIBODYCONSTRAINTSOLVER.OBJ
M:\USERS\USER\SOURCE\REPOS\STDLIVCOMPILING2012\BULLET-2.8.6\BULLETDYNAMICS\BULLETDYNAMICS.DIR\RELWITHDEBINFO\BTMULTIBODY.OBJ
M:\USERS\USER\SOURCE\REPOS\STDLIVCOMPILING2012\BULLET-2.8.6\BULLETDYNAMICS\BULLETDYNAMICS.DIR\RELWITHDEBINFO\BTWHEELINFO.OBJ
M:\USERS\USER\SOURCE\REPOS\STDLIVCOMPILING2012\BULLET-2.8.6\BULLETDYNAMICS\BULLETDYNAMICS.DIR\RELWITHDEBINFO\BTRAYCASTVEHICLE.OBJ
M:\USERS\USER\SOURCE\REPOS\STDLIVCOMPILING2012\BULLET-2.8.6\BULLETDYNAMICS\BULLETDYNAMICS.DIR\RELWITHDEBINFO\BTSIMPLEDYNAMICSWORLD.OBJ
M:\USERS\USER\SOURCE\REPOS\STDLIVCOMPILING2012\BULLET-2.8.6\BULLETDYNAMICS\BULLETDYNAMICS.DIR\RELWITHDEBINFO\BTRIGIDBODY.OBJ
M:\USERS\USER\SOURCE\REPOS\STDLIVCOMPILING2012\BULLET-2.8.6\BULLETDYNAMICS\BULLETDYNAMICS.DIR\RELWITHDEBINFO\VC110.PDB
C:\BULLET\BULLET3-2.86.1\BUILD10\SRC\BULLETDYNAMICS\CMAKEFILES\GENERATE.STAMP
M:\USERS\USER\SOURCE\REPOS\STDLIVCOMPILING2012\BULLET_RELEASE\BULLETDYNAMICS286.LIB
M:\Users\user\source\repos\StdLivCompiling2012\bullet-2.8.6\BulletDynamics\BulletDynamics.dir\RelWithDebInfo\btConeTwistConstraint.obj
M:\Users\user\source\repos\StdLivCompiling2012\bullet-2.8.6\BulletDynamics\BulletDynamics.dir\RelWithDebInfo\btContactConstraint.obj
M:\Users\user\source\repos\StdLivCompiling2012\bullet-2.8.6\BulletDynamics\BulletDynamics.dir\RelWithDebInfo\btDantzigLCP.obj
M:\Users\user\source\repos\StdLivCompiling2012\bullet-2.8.6\BulletDynamics\BulletDynamics.dir\RelWithDebInfo\btDiscreteDynamicsWorld.obj
M:\Users\user\source\repos\StdLivCompiling2012\bullet-2.8.6\BulletDynamics\BulletDynamics.dir\RelWithDebInfo\btDiscreteDynamicsWorldMt.obj
M:\Users\user\source\repos\StdLivCompiling2012\bullet-2.8.6\BulletDynamics\BulletDynamics.dir\RelWithDebInfo\btFixedConstraint.obj
M:\Users\user\source\repos\StdLivCompiling2012\bullet-2.8.6\BulletDynamics\BulletDynamics.dir\RelWithDebInfo\btGearConstraint.obj
M:\Users\user\source\repos\StdLivCompiling2012\bullet-2.8.6\BulletDynamics\BulletDynamics.dir\RelWithDebInfo\btGeneric6DofConstraint.obj
M:\Users\user\source\repos\StdLivCompiling2012\bullet-2.8.6\BulletDynamics\BulletDynamics.dir\RelWithDebInfo\btGeneric6DofSpring2Constraint.obj
M:\Users\user\source\repos\StdLivCompiling2012\bullet-2.8.6\BulletDynamics\BulletDynamics.dir\RelWithDebInfo\btGeneric6DofSpringConstraint.obj
M:\Users\user\source\repos\StdLivCompiling2012\bullet-2.8.6\BulletDynamics\BulletDynamics.dir\RelWithDebInfo\btHinge2Constraint.obj
M:\Users\user\source\repos\StdLivCompiling2012\bullet-2.8.6\BulletDynamics\BulletDynamics.dir\RelWithDebInfo\btHingeConstraint.obj
M:\Users\user\source\repos\StdLivCompiling2012\bullet-2.8.6\BulletDynamics\BulletDynamics.dir\RelWithDebInfo\btKinematicCharacterController.obj
M:\Users\user\source\repos\StdLivCompiling2012\bullet-2.8.6\BulletDynamics\BulletDynamics.dir\RelWithDebInfo\btLemkeAlgorithm.obj
M:\Users\user\source\repos\StdLivCompiling2012\bullet-2.8.6\BulletDynamics\BulletDynamics.dir\RelWithDebInfo\btMLCPSolver.obj
M:\Users\user\source\repos\StdLivCompiling2012\bullet-2.8.6\BulletDynamics\BulletDynamics.dir\RelWithDebInfo\btMultiBody.obj
M:\Users\user\source\repos\StdLivCompiling2012\bullet-2.8.6\BulletDynamics\BulletDynamics.dir\RelWithDebInfo\btMultiBodyConstraint.obj
M:\Users\user\source\repos\StdLivCompiling2012\bullet-2.8.6\BulletDynamics\BulletDynamics.dir\RelWithDebInfo\btMultiBodyConstraintSolver.obj
M:\Users\user\source\repos\StdLivCompiling2012\bullet-2.8.6\BulletDynamics\BulletDynamics.dir\RelWithDebInfo\btMultiBodyDynamicsWorld.obj
M:\Users\user\source\repos\StdLivCompiling2012\bullet-2.8.6\BulletDynamics\BulletDynamics.dir\RelWithDebInfo\btMultiBodyFixedConstraint.obj
M:\Users\user\source\repos\StdLivCompiling2012\bullet-2.8.6\BulletDynamics\BulletDynamics.dir\RelWithDebInfo\btMultiBodyJointLimitConstraint.obj
M:\Users\user\source\repos\StdLivCompiling2012\bullet-2.8.6\BulletDynamics\BulletDynamics.dir\RelWithDebInfo\btMultiBodyJointMotor.obj
M:\Users\user\source\repos\StdLivCompiling2012\bullet-2.8.6\BulletDynamics\BulletDynamics.dir\RelWithDebInfo\btMultiBodyPoint2Point.obj
M:\Users\user\source\repos\StdLivCompiling2012\bullet-2.8.6\BulletDynamics\BulletDynamics.dir\RelWithDebInfo\btMultiBodySliderConstraint.obj
M:\Users\user\source\repos\StdLivCompiling2012\bullet-2.8.6\BulletDynamics\BulletDynamics.dir\RelWithDebInfo\btNNCGConstraintSolver.obj
M:\Users\user\source\repos\StdLivCompiling2012\bullet-2.8.6\BulletDynamics\BulletDynamics.dir\RelWithDebInfo\btPoint2PointConstraint.obj
M:\Users\user\source\repos\StdLivCompiling2012\bullet-2.8.6\BulletDynamics\BulletDynamics.dir\RelWithDebInfo\btRaycastVehicle.obj
M:\Users\user\source\repos\StdLivCompiling2012\bullet-2.8.6\BulletDynamics\BulletDynamics.dir\RelWithDebInfo\btRigidBody.obj
M:\Users\user\source\repos\StdLivCompiling2012\bullet-2.8.6\BulletDynamics\BulletDynamics.dir\RelWithDebInfo\btSequentialImpulseConstraintSolver.obj
M:\Users\user\source\repos\StdLivCompiling2012\bullet-2.8.6\BulletDynamics\BulletDynamics.dir\RelWithDebInfo\btSimpleDynamicsWorld.obj
M:\Users\user\source\repos\StdLivCompiling2012\bullet-2.8.6\BulletDynamics\BulletDynamics.dir\RelWithDebInfo\btSimulationIslandManagerMt.obj
M:\Users\user\source\repos\StdLivCompiling2012\bullet-2.8.6\BulletDynamics\BulletDynamics.dir\RelWithDebInfo\btSliderConstraint.obj
M:\Users\user\source\repos\StdLivCompiling2012\bullet-2.8.6\BulletDynamics\BulletDynamics.dir\RelWithDebInfo\btSolve2LinearConstraint.obj
M:\Users\user\source\repos\StdLivCompiling2012\bullet-2.8.6\BulletDynamics\BulletDynamics.dir\RelWithDebInfo\btTypedConstraint.obj
M:\Users\user\source\repos\StdLivCompiling2012\bullet-2.8.6\BulletDynamics\BulletDynamics.dir\RelWithDebInfo\btUniversalConstraint.obj
M:\Users\user\source\repos\StdLivCompiling2012\bullet-2.8.6\BulletDynamics\BulletDynamics.dir\RelWithDebInfo\btWheelInfo.obj
M:\Users\user\source\repos\StdLivCompiling2012\bullet-2.8.6\BulletDynamics\BulletDynamics.dir\RelWithDebInfo\cl.command.1.tlog
M:\Users\user\source\repos\StdLivCompiling2012\bullet-2.8.6\BulletDynamics\BulletDynamics.dir\RelWithDebInfo\CL.read.1.tlog
M:\Users\user\source\repos\StdLivCompiling2012\bullet-2.8.6\BulletDynamics\BulletDynamics.dir\RelWithDebInfo\CL.write.1.tlog
M:\Users\user\source\repos\StdLivCompiling2012\bullet-2.8.6\BulletDynamics\BulletDynamics.dir\RelWithDebInfo\custombuild.command.1.tlog
M:\Users\user\source\repos\StdLivCompiling2012\bullet-2.8.6\BulletDynamics\BulletDynamics.dir\RelWithDebInfo\custombuild.read.1.tlog
M:\Users\user\source\repos\StdLivCompiling2012\bullet-2.8.6\BulletDynamics\BulletDynamics.dir\RelWithDebInfo\custombuild.write.1.tlog
M:\Users\user\source\repos\StdLivCompiling2012\bullet-2.8.6\BulletDynamics\BulletDynamics.dir\RelWithDebInfo\Lib-link.read.1.tlog
M:\Users\user\source\repos\StdLivCompiling2012\bullet-2.8.6\BulletDynamics\BulletDynamics.dir\RelWithDebInfo\Lib-link.write.1.tlog
M:\Users\user\source\repos\StdLivCompiling2012\bullet-2.8.6\BulletDynamics\BulletDynamics.dir\RelWithDebInfo\lib.command.1.tlog
M:\Users\user\source\repos\StdLivCompiling2012\bullet-2.8.6\BulletDynamics\BulletDynamics.dir\RelWithDebInfo\vc110.pdb
M:\Users\user\source\repos\StdLivCompiling2012\bullet-2.8.6\BulletDynamics\..\..\bullet_release\BulletDynamics286.lib
